2020-06-13 00:07:59.459  INFO 14722 --- [JavaFX Application Thread] o.s.boot.SpringApplication               : Starting application on brandilove with PID 14722 (started by vinsfran in /home/vinsfran/Projects/JavaFX/Spring-Boot-JavaFX-Integracion)
2020-06-13 00:07:59.500  INFO 14722 --- [JavaFX Application Thread] o.s.boot.SpringApplication               : No active profile set, falling back to default profiles: default
2020-06-13 00:08:00.814  INFO 14722 --- [JavaFX Application Thread] .s.d.r.c.RepositoryConfigurationDelegate : Bootstrapping Spring Data repositories in DEFAULT mode.
2020-06-13 00:08:01.037  INFO 14722 --- [JavaFX Application Thread] .s.d.r.c.RepositoryConfigurationDelegate : Finished Spring Data repository scanning in 209ms. Found 2 repository interfaces.
2020-06-13 00:08:01.991  INFO 14722 --- [JavaFX Application Thread] com.zaxxer.hikari.HikariDataSource       : HikariPool-1 - Starting...
2020-06-13 00:08:02.533  INFO 14722 --- [JavaFX Application Thread] com.zaxxer.hikari.HikariDataSource       : HikariPool-1 - Start completed.
2020-06-13 00:08:02.631  INFO 14722 --- [JavaFX Application Thread] o.hibernate.jpa.internal.util.LogHelper  : HHH000204: Processing PersistenceUnitInfo [
	name: default
	...]
2020-06-13 00:08:02.781  INFO 14722 --- [JavaFX Application Thread] org.hibernate.Version                    : HHH000412: Hibernate Core {5.3.7.Final}
2020-06-13 00:08:02.784  INFO 14722 --- [JavaFX Application Thread] org.hibernate.cfg.Environment            : HHH000206: hibernate.properties not found
2020-06-13 00:08:03.011  INFO 14722 --- [JavaFX Application Thread] o.hibernate.annotations.common.Version   : HCANN000001: Hibernate Commons Annotations {5.0.4.Final}
2020-06-13 00:08:03.295  INFO 14722 --- [JavaFX Application Thread] org.hibernate.dialect.Dialect            : HHH000400: Using dialect: org.hibernate.dialect.PostgreSQL95Dialect
2020-06-13 00:08:05.973  INFO 14722 --- [JavaFX Application Thread] o.h.e.j.e.i.LobCreatorBuilderImpl        : HHH000421: Disabling contextual LOB creation as hibernate.jdbc.lob.non_contextual_creation is true
2020-06-13 00:08:05.981  INFO 14722 --- [JavaFX Application Thread] org.hibernate.type.BasicTypeRegistry     : HHH000270: Type registration [java.util.UUID] overrides previous : org.hibernate.type.UUIDBinaryType@48c6834d
2020-06-13 00:08:06.170  WARN 14722 --- [JavaFX Application Thread] org.hibernate.id.UUIDHexGenerator        : HHH000409: Using org.hibernate.id.UUIDHexGenerator which does not generate IETF RFC 4122 compliant UUID values; consider using org.hibernate.id.UUIDGenerator instead
2020-06-13 00:08:06.701  WARN 14722 --- [JavaFX Application Thread] o.h.engine.jdbc.spi.SqlExceptionHelper   : SQL Warning Code: 0, SQLState: 00000
2020-06-13 00:08:06.702  WARN 14722 --- [JavaFX Application Thread] o.h.engine.jdbc.spi.SqlExceptionHelper   : la tabla «cliente» no existe, ignorando
2020-06-13 00:08:06.708  WARN 14722 --- [JavaFX Application Thread] o.h.engine.jdbc.spi.SqlExceptionHelper   : SQL Warning Code: 0, SQLState: 00000
2020-06-13 00:08:06.709  WARN 14722 --- [JavaFX Application Thread] o.h.engine.jdbc.spi.SqlExceptionHelper   : la tabla «persona» no existe, ignorando
2020-06-13 00:08:06.752  INFO 14722 --- [JavaFX Application Thread] o.h.t.schema.internal.SchemaCreatorImpl  : HHH000476: Executing import script 'org.hibernate.tool.schema.internal.exec.ScriptSourceInputNonExistentImpl@37cba6fb'
2020-06-13 00:08:06.757  INFO 14722 --- [JavaFX Application Thread] j.LocalContainerEntityManagerFactoryBean : Initialized JPA EntityManagerFactory for persistence unit 'default'
2020-06-13 00:08:07.642  INFO 14722 --- [JavaFX Application Thread] o.s.boot.SpringApplication               : Started application in 9.058 seconds (JVM running for 10.294)
2020-06-13 00:08:19.844  INFO 14722 --- [JavaFX Application Thread] c.b.j.s.i.S.s.i.SimeacBackendServiceImpl : login: {password=dos01, username=jmaubet}
2020-06-13 00:08:20.638  INFO 14722 --- [JavaFX Application Thread] c.b.j.s.i.S.c.PersonaController          : LoginModel(username=jmaubet, identificationDocument=858171, lastname=Maubet, name=Jose, email=pepe@gmail.com, dependency=DEPENDENCIA UNO, sessionTime=600, sessionId=ZG9zMDFhZGUyMTk2NDQ2MjI2Y2Y4NWEzODJjZDdkNTVhNTI3MzIzOGJhODU0MjQ4MDRhMTg2ZDczM2JlODRhMjU2MjAw, system=sirec)
2020-06-13 00:08:20.657  INFO 14722 --- [Thread-6] j.LocalContainerEntityManagerFactoryBean : Closing JPA EntityManagerFactory for persistence unit 'default'
2020-06-13 00:08:20.658  INFO 14722 --- [Thread-6] .SchemaDropperImpl$DelayedDropActionImpl : HHH000477: Starting delayed evictData of schema as part of SessionFactory shut-down'
2020-06-13 00:08:20.692  INFO 14722 --- [Thread-6] com.zaxxer.hikari.HikariDataSource       : HikariPool-1 - Shutdown initiated...
2020-06-13 00:08:20.723  INFO 14722 --- [Thread-6] com.zaxxer.hikari.HikariDataSource       : HikariPool-1 - Shutdown completed.
2020-06-13 00:10:34.008  INFO 14889 --- [JavaFX Application Thread] o.s.boot.SpringApplication               : Starting application on brandilove with PID 14889 (started by vinsfran in /home/vinsfran/Projects/JavaFX/Spring-Boot-JavaFX-Integracion)
2020-06-13 00:10:34.025  INFO 14889 --- [JavaFX Application Thread] o.s.boot.SpringApplication               : No active profile set, falling back to default profiles: default
2020-06-13 00:10:35.123  INFO 14889 --- [JavaFX Application Thread] .s.d.r.c.RepositoryConfigurationDelegate : Bootstrapping Spring Data repositories in DEFAULT mode.
2020-06-13 00:10:35.370  INFO 14889 --- [JavaFX Application Thread] .s.d.r.c.RepositoryConfigurationDelegate : Finished Spring Data repository scanning in 224ms. Found 2 repository interfaces.
2020-06-13 00:10:36.501  INFO 14889 --- [JavaFX Application Thread] com.zaxxer.hikari.HikariDataSource       : HikariPool-1 - Starting...
2020-06-13 00:10:37.032  INFO 14889 --- [JavaFX Application Thread] com.zaxxer.hikari.HikariDataSource       : HikariPool-1 - Start completed.
2020-06-13 00:10:37.113  INFO 14889 --- [JavaFX Application Thread] o.hibernate.jpa.internal.util.LogHelper  : HHH000204: Processing PersistenceUnitInfo [
	name: default
	...]
2020-06-13 00:10:37.204  INFO 14889 --- [JavaFX Application Thread] org.hibernate.Version                    : HHH000412: Hibernate Core {5.3.7.Final}
2020-06-13 00:10:37.206  INFO 14889 --- [JavaFX Application Thread] org.hibernate.cfg.Environment            : HHH000206: hibernate.properties not found
2020-06-13 00:10:37.437  INFO 14889 --- [JavaFX Application Thread] o.hibernate.annotations.common.Version   : HCANN000001: Hibernate Commons Annotations {5.0.4.Final}
2020-06-13 00:10:37.759  INFO 14889 --- [JavaFX Application Thread] org.hibernate.dialect.Dialect            : HHH000400: Using dialect: org.hibernate.dialect.PostgreSQL95Dialect
2020-06-13 00:10:40.473  INFO 14889 --- [JavaFX Application Thread] o.h.e.j.e.i.LobCreatorBuilderImpl        : HHH000421: Disabling contextual LOB creation as hibernate.jdbc.lob.non_contextual_creation is true
2020-06-13 00:10:40.481  INFO 14889 --- [JavaFX Application Thread] org.hibernate.type.BasicTypeRegistry     : HHH000270: Type registration [java.util.UUID] overrides previous : org.hibernate.type.UUIDBinaryType@1e7372eb
2020-06-13 00:10:40.709  WARN 14889 --- [JavaFX Application Thread] org.hibernate.id.UUIDHexGenerator        : HHH000409: Using org.hibernate.id.UUIDHexGenerator which does not generate IETF RFC 4122 compliant UUID values; consider using org.hibernate.id.UUIDGenerator instead
2020-06-13 00:10:41.283  WARN 14889 --- [JavaFX Application Thread] o.h.engine.jdbc.spi.SqlExceptionHelper   : SQL Warning Code: 0, SQLState: 00000
2020-06-13 00:10:41.283  WARN 14889 --- [JavaFX Application Thread] o.h.engine.jdbc.spi.SqlExceptionHelper   : la tabla «cliente» no existe, ignorando
2020-06-13 00:10:41.290  WARN 14889 --- [JavaFX Application Thread] o.h.engine.jdbc.spi.SqlExceptionHelper   : SQL Warning Code: 0, SQLState: 00000
2020-06-13 00:10:41.290  WARN 14889 --- [JavaFX Application Thread] o.h.engine.jdbc.spi.SqlExceptionHelper   : la tabla «persona» no existe, ignorando
2020-06-13 00:10:41.342  INFO 14889 --- [JavaFX Application Thread] o.h.t.schema.internal.SchemaCreatorImpl  : HHH000476: Executing import script 'org.hibernate.tool.schema.internal.exec.ScriptSourceInputNonExistentImpl@6d6840e3'
2020-06-13 00:10:41.349  INFO 14889 --- [JavaFX Application Thread] j.LocalContainerEntityManagerFactoryBean : Initialized JPA EntityManagerFactory for persistence unit 'default'
2020-06-13 00:10:42.217  INFO 14889 --- [JavaFX Application Thread] o.s.boot.SpringApplication               : Started application in 9.064 seconds (JVM running for 10.39)
2020-06-13 00:10:54.075  INFO 14889 --- [JavaFX Application Thread] c.b.j.s.i.S.s.i.SimeacBackendServiceImpl : login: {password=dos01, username=jmaubet}
2020-06-13 00:10:54.812  INFO 14889 --- [JavaFX Application Thread] c.b.j.s.i.S.c.PersonaController          : LoginModel(username=jmaubet, identificationDocument=858171, lastname=Maubet, name=Jose, email=pepe@gmail.com, dependency=DEPENDENCIA UNO, sessionTime=600, sessionId=ZG9zMDFiMDg0NDg0YzQyNzRhMDk3ODA2OGI3YzRkZjNlMTgxMzU5ODRhNzNiM2VmYzEzZjliNThmMmE2NDNjMzk4ZTI5, system=sirec)
2020-06-13 00:11:22.698  INFO 14889 --- [Thread-6] j.LocalContainerEntityManagerFactoryBean : Closing JPA EntityManagerFactory for persistence unit 'default'
2020-06-13 00:11:22.699  INFO 14889 --- [Thread-6] .SchemaDropperImpl$DelayedDropActionImpl : HHH000477: Starting delayed evictData of schema as part of SessionFactory shut-down'
2020-06-13 00:11:22.733  INFO 14889 --- [Thread-6] com.zaxxer.hikari.HikariDataSource       : HikariPool-1 - Shutdown initiated...
2020-06-13 00:11:22.744  INFO 14889 --- [Thread-6] com.zaxxer.hikari.HikariDataSource       : HikariPool-1 - Shutdown completed.
2020-06-13 00:11:48.494  INFO 14967 --- [JavaFX Application Thread] o.s.boot.SpringApplication               : Starting application on brandilove with PID 14967 (started by vinsfran in /home/vinsfran/Projects/JavaFX/Spring-Boot-JavaFX-Integracion)
2020-06-13 00:11:48.506  INFO 14967 --- [JavaFX Application Thread] o.s.boot.SpringApplication               : No active profile set, falling back to default profiles: default
2020-06-13 00:11:49.708  INFO 14967 --- [JavaFX Application Thread] .s.d.r.c.RepositoryConfigurationDelegate : Bootstrapping Spring Data repositories in DEFAULT mode.
2020-06-13 00:11:49.957  INFO 14967 --- [JavaFX Application Thread] .s.d.r.c.RepositoryConfigurationDelegate : Finished Spring Data repository scanning in 231ms. Found 2 repository interfaces.
2020-06-13 00:11:51.112  INFO 14967 --- [JavaFX Application Thread] com.zaxxer.hikari.HikariDataSource       : HikariPool-1 - Starting...
2020-06-13 00:11:51.643  INFO 14967 --- [JavaFX Application Thread] com.zaxxer.hikari.HikariDataSource       : HikariPool-1 - Start completed.
2020-06-13 00:11:51.732  INFO 14967 --- [JavaFX Application Thread] o.hibernate.jpa.internal.util.LogHelper  : HHH000204: Processing PersistenceUnitInfo [
	name: default
	...]
2020-06-13 00:11:51.831  INFO 14967 --- [JavaFX Application Thread] org.hibernate.Version                    : HHH000412: Hibernate Core {5.3.7.Final}
2020-06-13 00:11:51.833  INFO 14967 --- [JavaFX Application Thread] org.hibernate.cfg.Environment            : HHH000206: hibernate.properties not found
2020-06-13 00:11:52.075  INFO 14967 --- [JavaFX Application Thread] o.hibernate.annotations.common.Version   : HCANN000001: Hibernate Commons Annotations {5.0.4.Final}
2020-06-13 00:11:52.362  INFO 14967 --- [JavaFX Application Thread] org.hibernate.dialect.Dialect            : HHH000400: Using dialect: org.hibernate.dialect.PostgreSQL95Dialect
2020-06-13 00:11:55.055  INFO 14967 --- [JavaFX Application Thread] o.h.e.j.e.i.LobCreatorBuilderImpl        : HHH000421: Disabling contextual LOB creation as hibernate.jdbc.lob.non_contextual_creation is true
2020-06-13 00:11:55.062  INFO 14967 --- [JavaFX Application Thread] org.hibernate.type.BasicTypeRegistry     : HHH000270: Type registration [java.util.UUID] overrides previous : org.hibernate.type.UUIDBinaryType@5ed21700
2020-06-13 00:11:55.245  WARN 14967 --- [JavaFX Application Thread] org.hibernate.id.UUIDHexGenerator        : HHH000409: Using org.hibernate.id.UUIDHexGenerator which does not generate IETF RFC 4122 compliant UUID values; consider using org.hibernate.id.UUIDGenerator instead
2020-06-13 00:11:55.830  WARN 14967 --- [JavaFX Application Thread] o.h.engine.jdbc.spi.SqlExceptionHelper   : SQL Warning Code: 0, SQLState: 00000
2020-06-13 00:11:55.831  WARN 14967 --- [JavaFX Application Thread] o.h.engine.jdbc.spi.SqlExceptionHelper   : la tabla «cliente» no existe, ignorando
2020-06-13 00:11:55.837  WARN 14967 --- [JavaFX Application Thread] o.h.engine.jdbc.spi.SqlExceptionHelper   : SQL Warning Code: 0, SQLState: 00000
2020-06-13 00:11:55.837  WARN 14967 --- [JavaFX Application Thread] o.h.engine.jdbc.spi.SqlExceptionHelper   : la tabla «persona» no existe, ignorando
2020-06-13 00:11:55.928  INFO 14967 --- [JavaFX Application Thread] o.h.t.schema.internal.SchemaCreatorImpl  : HHH000476: Executing import script 'org.hibernate.tool.schema.internal.exec.ScriptSourceInputNonExistentImpl@51618f8c'
2020-06-13 00:11:55.934  INFO 14967 --- [JavaFX Application Thread] j.LocalContainerEntityManagerFactoryBean : Initialized JPA EntityManagerFactory for persistence unit 'default'
2020-06-13 00:11:56.800  INFO 14967 --- [JavaFX Application Thread] o.s.boot.SpringApplication               : Started application in 9.167 seconds (JVM running for 10.325)
2020-06-13 00:11:57.102  INFO 14967 --- [JavaFX Application Thread] c.b.j.s.i.S.c.PersonaController          : null
2020-06-13 00:11:57.165  INFO 14967 --- [JavaFX Application Thread] o.h.h.i.QueryTranslatorFactoryInitiator  : HHH000397: Using ASTQueryTranslatorFactory
2020-06-13 00:12:12.910  INFO 14967 --- [Thread-6] j.LocalContainerEntityManagerFactoryBean : Closing JPA EntityManagerFactory for persistence unit 'default'
2020-06-13 00:12:12.911  INFO 14967 --- [Thread-6] .SchemaDropperImpl$DelayedDropActionImpl : HHH000477: Starting delayed evictData of schema as part of SessionFactory shut-down'
2020-06-13 00:12:12.942  INFO 14967 --- [Thread-6] com.zaxxer.hikari.HikariDataSource       : HikariPool-1 - Shutdown initiated...
2020-06-13 00:12:12.992  INFO 14967 --- [Thread-6] com.zaxxer.hikari.HikariDataSource       : HikariPool-1 - Shutdown completed.
2020-06-13 00:19:01.240  INFO 15230 --- [JavaFX Application Thread] o.s.boot.SpringApplication               : Starting application on brandilove with PID 15230 (started by vinsfran in /home/vinsfran/Projects/JavaFX/Spring-Boot-JavaFX-Integracion)
2020-06-13 00:19:01.245  INFO 15230 --- [JavaFX Application Thread] o.s.boot.SpringApplication               : No active profile set, falling back to default profiles: default
2020-06-13 00:19:02.643  INFO 15230 --- [JavaFX Application Thread] .s.d.r.c.RepositoryConfigurationDelegate : Bootstrapping Spring Data repositories in DEFAULT mode.
2020-06-13 00:19:02.817  INFO 15230 --- [JavaFX Application Thread] .s.d.r.c.RepositoryConfigurationDelegate : Finished Spring Data repository scanning in 159ms. Found 2 repository interfaces.
2020-06-13 00:19:03.696  INFO 15230 --- [JavaFX Application Thread] com.zaxxer.hikari.HikariDataSource       : HikariPool-1 - Starting...
2020-06-13 00:19:04.203  INFO 15230 --- [JavaFX Application Thread] com.zaxxer.hikari.HikariDataSource       : HikariPool-1 - Start completed.
2020-06-13 00:19:04.288  INFO 15230 --- [JavaFX Application Thread] o.hibernate.jpa.internal.util.LogHelper  : HHH000204: Processing PersistenceUnitInfo [
	name: default
	...]
2020-06-13 00:19:04.399  INFO 15230 --- [JavaFX Application Thread] org.hibernate.Version                    : HHH000412: Hibernate Core {5.3.7.Final}
2020-06-13 00:19:04.401  INFO 15230 --- [JavaFX Application Thread] org.hibernate.cfg.Environment            : HHH000206: hibernate.properties not found
2020-06-13 00:19:04.655  INFO 15230 --- [JavaFX Application Thread] o.hibernate.annotations.common.Version   : HCANN000001: Hibernate Commons Annotations {5.0.4.Final}
2020-06-13 00:19:04.939  INFO 15230 --- [JavaFX Application Thread] org.hibernate.dialect.Dialect            : HHH000400: Using dialect: org.hibernate.dialect.PostgreSQL95Dialect
2020-06-13 00:19:07.646  INFO 15230 --- [JavaFX Application Thread] o.h.e.j.e.i.LobCreatorBuilderImpl        : HHH000421: Disabling contextual LOB creation as hibernate.jdbc.lob.non_contextual_creation is true
2020-06-13 00:19:07.654  INFO 15230 --- [JavaFX Application Thread] org.hibernate.type.BasicTypeRegistry     : HHH000270: Type registration [java.util.UUID] overrides previous : org.hibernate.type.UUIDBinaryType@1a8eb56
2020-06-13 00:19:07.842  WARN 15230 --- [JavaFX Application Thread] org.hibernate.id.UUIDHexGenerator        : HHH000409: Using org.hibernate.id.UUIDHexGenerator which does not generate IETF RFC 4122 compliant UUID values; consider using org.hibernate.id.UUIDGenerator instead
2020-06-13 00:19:08.343  WARN 15230 --- [JavaFX Application Thread] o.h.engine.jdbc.spi.SqlExceptionHelper   : SQL Warning Code: 0, SQLState: 00000
2020-06-13 00:19:08.343  WARN 15230 --- [JavaFX Application Thread] o.h.engine.jdbc.spi.SqlExceptionHelper   : la tabla «cliente» no existe, ignorando
2020-06-13 00:19:08.349  WARN 15230 --- [JavaFX Application Thread] o.h.engine.jdbc.spi.SqlExceptionHelper   : SQL Warning Code: 0, SQLState: 00000
2020-06-13 00:19:08.350  WARN 15230 --- [JavaFX Application Thread] o.h.engine.jdbc.spi.SqlExceptionHelper   : la tabla «persona» no existe, ignorando
2020-06-13 00:19:08.392  INFO 15230 --- [JavaFX Application Thread] o.h.t.schema.internal.SchemaCreatorImpl  : HHH000476: Executing import script 'org.hibernate.tool.schema.internal.exec.ScriptSourceInputNonExistentImpl@438811cf'
2020-06-13 00:19:08.398  INFO 15230 --- [JavaFX Application Thread] j.LocalContainerEntityManagerFactoryBean : Initialized JPA EntityManagerFactory for persistence unit 'default'
2020-06-13 00:19:09.331  INFO 15230 --- [JavaFX Application Thread] o.s.boot.SpringApplication               : Started application in 8.886 seconds (JVM running for 10.131)
2020-06-13 00:19:19.339  INFO 15230 --- [JavaFX Application Thread] c.b.j.s.i.S.s.i.SimeacBackendServiceImpl : login: {password=dos01, username=jmaubet}
2020-06-13 00:19:20.075  INFO 15230 --- [JavaFX Application Thread] c.b.j.s.i.S.c.PersonaController          : LoginModel(username=jmaubet, identificationDocument=858171, lastname=Maubet, name=Jose, email=pepe@gmail.com, dependency=DEPENDENCIA UNO, sessionTime=600, sessionId=ZG9zMDFjOGJmMWZlNDhhNGYzZWRjNGRiMWM0YTA0YWI3MDA1Mzg4MjA4NzhiNWM0NTZjYmRlNzM2Y2NlOTQxNmJkMGNk, system=sirec)
2020-06-13 00:22:29.580  INFO 15230 --- [Thread-6] j.LocalContainerEntityManagerFactoryBean : Closing JPA EntityManagerFactory for persistence unit 'default'
2020-06-13 00:22:29.581  INFO 15230 --- [Thread-6] .SchemaDropperImpl$DelayedDropActionImpl : HHH000477: Starting delayed evictData of schema as part of SessionFactory shut-down'
2020-06-13 00:22:29.611  INFO 15230 --- [Thread-6] com.zaxxer.hikari.HikariDataSource       : HikariPool-1 - Shutdown initiated...
2020-06-13 00:22:29.637  INFO 15230 --- [Thread-6] com.zaxxer.hikari.HikariDataSource       : HikariPool-1 - Shutdown completed.
2020-06-13 00:22:41.034  INFO 15366 --- [JavaFX Application Thread] o.s.boot.SpringApplication               : Starting application on brandilove with PID 15366 (started by vinsfran in /home/vinsfran/Projects/JavaFX/Spring-Boot-JavaFX-Integracion)
2020-06-13 00:22:41.054  INFO 15366 --- [JavaFX Application Thread] o.s.boot.SpringApplication               : No active profile set, falling back to default profiles: default
2020-06-13 00:22:42.205  INFO 15366 --- [JavaFX Application Thread] .s.d.r.c.RepositoryConfigurationDelegate : Bootstrapping Spring Data repositories in DEFAULT mode.
2020-06-13 00:22:42.448  INFO 15366 --- [JavaFX Application Thread] .s.d.r.c.RepositoryConfigurationDelegate : Finished Spring Data repository scanning in 228ms. Found 2 repository interfaces.
2020-06-13 00:22:43.624  INFO 15366 --- [JavaFX Application Thread] com.zaxxer.hikari.HikariDataSource       : HikariPool-1 - Starting...
2020-06-13 00:22:44.159  INFO 15366 --- [JavaFX Application Thread] com.zaxxer.hikari.HikariDataSource       : HikariPool-1 - Start completed.
2020-06-13 00:22:44.257  INFO 15366 --- [JavaFX Application Thread] o.hibernate.jpa.internal.util.LogHelper  : HHH000204: Processing PersistenceUnitInfo [
	name: default
	...]
2020-06-13 00:22:44.374  INFO 15366 --- [JavaFX Application Thread] org.hibernate.Version                    : HHH000412: Hibernate Core {5.3.7.Final}
2020-06-13 00:22:44.377  INFO 15366 --- [JavaFX Application Thread] org.hibernate.cfg.Environment            : HHH000206: hibernate.properties not found
2020-06-13 00:22:44.591  INFO 15366 --- [JavaFX Application Thread] o.hibernate.annotations.common.Version   : HCANN000001: Hibernate Commons Annotations {5.0.4.Final}
2020-06-13 00:22:44.879  INFO 15366 --- [JavaFX Application Thread] org.hibernate.dialect.Dialect            : HHH000400: Using dialect: org.hibernate.dialect.PostgreSQL95Dialect
2020-06-13 00:22:47.592  INFO 15366 --- [JavaFX Application Thread] o.h.e.j.e.i.LobCreatorBuilderImpl        : HHH000421: Disabling contextual LOB creation as hibernate.jdbc.lob.non_contextual_creation is true
2020-06-13 00:22:47.599  INFO 15366 --- [JavaFX Application Thread] org.hibernate.type.BasicTypeRegistry     : HHH000270: Type registration [java.util.UUID] overrides previous : org.hibernate.type.UUIDBinaryType@107203c0
2020-06-13 00:22:47.833  WARN 15366 --- [JavaFX Application Thread] org.hibernate.id.UUIDHexGenerator        : HHH000409: Using org.hibernate.id.UUIDHexGenerator which does not generate IETF RFC 4122 compliant UUID values; consider using org.hibernate.id.UUIDGenerator instead
2020-06-13 00:22:48.335  WARN 15366 --- [JavaFX Application Thread] o.h.engine.jdbc.spi.SqlExceptionHelper   : SQL Warning Code: 0, SQLState: 00000
2020-06-13 00:22:48.335  WARN 15366 --- [JavaFX Application Thread] o.h.engine.jdbc.spi.SqlExceptionHelper   : la tabla «cliente» no existe, ignorando
2020-06-13 00:22:48.342  WARN 15366 --- [JavaFX Application Thread] o.h.engine.jdbc.spi.SqlExceptionHelper   : SQL Warning Code: 0, SQLState: 00000
2020-06-13 00:22:48.342  WARN 15366 --- [JavaFX Application Thread] o.h.engine.jdbc.spi.SqlExceptionHelper   : la tabla «persona» no existe, ignorando
2020-06-13 00:22:48.401  INFO 15366 --- [JavaFX Application Thread] o.h.t.schema.internal.SchemaCreatorImpl  : HHH000476: Executing import script 'org.hibernate.tool.schema.internal.exec.ScriptSourceInputNonExistentImpl@28c60a07'
2020-06-13 00:22:48.406  INFO 15366 --- [JavaFX Application Thread] j.LocalContainerEntityManagerFactoryBean : Initialized JPA EntityManagerFactory for persistence unit 'default'
2020-06-13 00:22:49.278  INFO 15366 --- [JavaFX Application Thread] o.s.boot.SpringApplication               : Started application in 9.072 seconds (JVM running for 10.126)
2020-06-13 00:23:01.029  INFO 15366 --- [JavaFX Application Thread] c.b.j.s.i.S.s.i.SimeacBackendServiceImpl : login: {password=dos01, username=jmaubet}
2020-06-13 00:23:01.681  INFO 15366 --- [JavaFX Application Thread] c.b.j.s.i.S.c.PersonaController          : LoginModel(username=jmaubet, identificationDocument=858171, lastname=Maubet, name=Jose, email=pepe@gmail.com, dependency=DEPENDENCIA UNO, sessionTime=600, sessionId=ZG9zMDE4ZDdhNjE2ZDc5ZTY1MWI5N2I0MDBkMzg3M2Q2MWRhMGM4NzU2ZTU4MThiYjFjMzJlZjhiODc5OWExZDFiZTRh, system=sirec)
2020-06-13 00:24:12.403  INFO 15366 --- [Thread-6] j.LocalContainerEntityManagerFactoryBean : Closing JPA EntityManagerFactory for persistence unit 'default'
2020-06-13 00:24:12.403  INFO 15366 --- [Thread-6] .SchemaDropperImpl$DelayedDropActionImpl : HHH000477: Starting delayed evictData of schema as part of SessionFactory shut-down'
2020-06-13 00:24:12.432  INFO 15366 --- [Thread-6] com.zaxxer.hikari.HikariDataSource       : HikariPool-1 - Shutdown initiated...
2020-06-13 00:24:12.441  INFO 15366 --- [Thread-6] com.zaxxer.hikari.HikariDataSource       : HikariPool-1 - Shutdown completed.
2020-06-13 00:27:09.786  INFO 15544 --- [JavaFX Application Thread] o.s.boot.SpringApplication               : Starting application on brandilove with PID 15544 (started by vinsfran in /home/vinsfran/Projects/JavaFX/Spring-Boot-JavaFX-Integracion)
2020-06-13 00:27:09.795  INFO 15544 --- [JavaFX Application Thread] o.s.boot.SpringApplication               : No active profile set, falling back to default profiles: default
2020-06-13 00:27:11.703  INFO 15544 --- [JavaFX Application Thread] .s.d.r.c.RepositoryConfigurationDelegate : Bootstrapping Spring Data repositories in DEFAULT mode.
2020-06-13 00:27:12.008  INFO 15544 --- [JavaFX Application Thread] .s.d.r.c.RepositoryConfigurationDelegate : Finished Spring Data repository scanning in 267ms. Found 2 repository interfaces.
2020-06-13 00:27:13.198  INFO 15544 --- [JavaFX Application Thread] com.zaxxer.hikari.HikariDataSource       : HikariPool-1 - Starting...
2020-06-13 00:27:13.700  INFO 15544 --- [JavaFX Application Thread] com.zaxxer.hikari.HikariDataSource       : HikariPool-1 - Start completed.
2020-06-13 00:27:13.800  INFO 15544 --- [JavaFX Application Thread] o.hibernate.jpa.internal.util.LogHelper  : HHH000204: Processing PersistenceUnitInfo [
	name: default
	...]
2020-06-13 00:27:13.914  INFO 15544 --- [JavaFX Application Thread] org.hibernate.Version                    : HHH000412: Hibernate Core {5.3.7.Final}
2020-06-13 00:27:13.916  INFO 15544 --- [JavaFX Application Thread] org.hibernate.cfg.Environment            : HHH000206: hibernate.properties not found
2020-06-13 00:27:14.245  INFO 15544 --- [JavaFX Application Thread] o.hibernate.annotations.common.Version   : HCANN000001: Hibernate Commons Annotations {5.0.4.Final}
2020-06-13 00:27:14.671  INFO 15544 --- [JavaFX Application Thread] org.hibernate.dialect.Dialect            : HHH000400: Using dialect: org.hibernate.dialect.PostgreSQL95Dialect
2020-06-13 00:27:17.398  INFO 15544 --- [JavaFX Application Thread] o.h.e.j.e.i.LobCreatorBuilderImpl        : HHH000421: Disabling contextual LOB creation as hibernate.jdbc.lob.non_contextual_creation is true
2020-06-13 00:27:17.406  INFO 15544 --- [JavaFX Application Thread] org.hibernate.type.BasicTypeRegistry     : HHH000270: Type registration [java.util.UUID] overrides previous : org.hibernate.type.UUIDBinaryType@2f62fad2
2020-06-13 00:27:17.602  WARN 15544 --- [JavaFX Application Thread] org.hibernate.id.UUIDHexGenerator        : HHH000409: Using org.hibernate.id.UUIDHexGenerator which does not generate IETF RFC 4122 compliant UUID values; consider using org.hibernate.id.UUIDGenerator instead
2020-06-13 00:27:18.107  WARN 15544 --- [JavaFX Application Thread] o.h.engine.jdbc.spi.SqlExceptionHelper   : SQL Warning Code: 0, SQLState: 00000
2020-06-13 00:27:18.108  WARN 15544 --- [JavaFX Application Thread] o.h.engine.jdbc.spi.SqlExceptionHelper   : la tabla «cliente» no existe, ignorando
2020-06-13 00:27:18.115  WARN 15544 --- [JavaFX Application Thread] o.h.engine.jdbc.spi.SqlExceptionHelper   : SQL Warning Code: 0, SQLState: 00000
2020-06-13 00:27:18.115  WARN 15544 --- [JavaFX Application Thread] o.h.engine.jdbc.spi.SqlExceptionHelper   : la tabla «persona» no existe, ignorando
2020-06-13 00:27:18.159  INFO 15544 --- [JavaFX Application Thread] o.h.t.schema.internal.SchemaCreatorImpl  : HHH000476: Executing import script 'org.hibernate.tool.schema.internal.exec.ScriptSourceInputNonExistentImpl@30d501c6'
2020-06-13 00:27:18.164  INFO 15544 --- [JavaFX Application Thread] j.LocalContainerEntityManagerFactoryBean : Initialized JPA EntityManagerFactory for persistence unit 'default'
2020-06-13 00:27:19.116  INFO 15544 --- [JavaFX Application Thread] o.s.boot.SpringApplication               : Started application in 10.168 seconds (JVM running for 11.525)
2020-06-13 00:27:59.824  INFO 15544 --- [Thread-6] j.LocalContainerEntityManagerFactoryBean : Closing JPA EntityManagerFactory for persistence unit 'default'
2020-06-13 00:27:59.825  INFO 15544 --- [Thread-6] .SchemaDropperImpl$DelayedDropActionImpl : HHH000477: Starting delayed evictData of schema as part of SessionFactory shut-down'
2020-06-13 00:27:59.856  INFO 15544 --- [Thread-6] com.zaxxer.hikari.HikariDataSource       : HikariPool-1 - Shutdown initiated...
2020-06-13 00:27:59.865  INFO 15544 --- [Thread-6] com.zaxxer.hikari.HikariDataSource       : HikariPool-1 - Shutdown completed.
2020-06-13 13:14:11.748  INFO 7274 --- [JavaFX-Launcher] o.s.boot.SpringApplication               : Starting application on brandilove with PID 7274 (started by vinsfran in /home/vinsfran/Projects/JavaFX/Spring-Boot-JavaFX-Integracion)
2020-06-13 13:14:11.757  INFO 7274 --- [JavaFX-Launcher] o.s.boot.SpringApplication               : No active profile set, falling back to default profiles: default
2020-06-13 13:14:13.003  INFO 7274 --- [JavaFX-Launcher] .s.d.r.c.RepositoryConfigurationDelegate : Bootstrapping Spring Data repositories in DEFAULT mode.
2020-06-13 13:14:13.339  INFO 7274 --- [JavaFX-Launcher] .s.d.r.c.RepositoryConfigurationDelegate : Finished Spring Data repository scanning in 317ms. Found 2 repository interfaces.
2020-06-13 13:14:14.359  INFO 7274 --- [JavaFX-Launcher] com.zaxxer.hikari.HikariDataSource       : HikariPool-1 - Starting...
2020-06-13 13:14:15.466 ERROR 7274 --- [JavaFX-Launcher] com.zaxxer.hikari.pool.HikariPool        : HikariPool-1 - Exception during pool initialization.

org.postgresql.util.PSQLException: El intento de conexión falló.
	at org.postgresql.core.v3.ConnectionFactoryImpl.openConnectionImpl(ConnectionFactoryImpl.java:292) ~[postgresql-42.2.5.jar:42.2.5]
	at org.postgresql.core.ConnectionFactory.openConnection(ConnectionFactory.java:49) ~[postgresql-42.2.5.jar:42.2.5]
	at org.postgresql.jdbc.PgConnection.<init>(PgConnection.java:195) ~[postgresql-42.2.5.jar:42.2.5]
	at org.postgresql.Driver.makeConnection(Driver.java:454) ~[postgresql-42.2.5.jar:42.2.5]
	at org.postgresql.Driver.connect(Driver.java:256) ~[postgresql-42.2.5.jar:42.2.5]
	at com.zaxxer.hikari.util.DriverDataSource.getConnection(DriverDataSource.java:136) ~[HikariCP-3.2.0.jar:na]
	at com.zaxxer.hikari.pool.PoolBase.newConnection(PoolBase.java:369) ~[HikariCP-3.2.0.jar:na]
	at com.zaxxer.hikari.pool.PoolBase.newPoolEntry(PoolBase.java:198) ~[HikariCP-3.2.0.jar:na]
	at com.zaxxer.hikari.pool.HikariPool.createPoolEntry(HikariPool.java:467) [HikariCP-3.2.0.jar:na]
	at com.zaxxer.hikari.pool.HikariPool.checkFailFast(HikariPool.java:541) [HikariCP-3.2.0.jar:na]
	at com.zaxxer.hikari.pool.HikariPool.<init>(HikariPool.java:115) [HikariCP-3.2.0.jar:na]
	at com.zaxxer.hikari.HikariDataSource.getConnection(HikariDataSource.java:112) [HikariCP-3.2.0.jar:na]
	at org.springframework.jdbc.datasource.DataSourceUtils.fetchConnection(DataSourceUtils.java:157) [spring-jdbc-5.1.5.RELEASE.jar:5.1.5.RELEASE]
	at org.springframework.jdbc.datasource.DataSourceUtils.doGetConnection(DataSourceUtils.java:115) [spring-jdbc-5.1.5.RELEASE.jar:5.1.5.RELEASE]
	at org.springframework.jdbc.datasource.DataSourceUtils.getConnection(DataSourceUtils.java:78) [spring-jdbc-5.1.5.RELEASE.jar:5.1.5.RELEASE]
	at org.springframework.jdbc.support.JdbcUtils.extractDatabaseMetaData(JdbcUtils.java:319) [spring-jdbc-5.1.5.RELEASE.jar:5.1.5.RELEASE]
	at org.springframework.jdbc.support.JdbcUtils.extractDatabaseMetaData(JdbcUtils.java:356) [spring-jdbc-5.1.5.RELEASE.jar:5.1.5.RELEASE]
	at org.springframework.boot.autoconfigure.orm.jpa.DatabaseLookup.getDatabase(DatabaseLookup.java:73) [spring-boot-autoconfigure-2.1.3.RELEASE.jar:2.1.3.RELEASE]
	at org.springframework.boot.autoconfigure.orm.jpa.JpaProperties.determineDatabase(JpaProperties.java:142) [spring-boot-autoconfigure-2.1.3.RELEASE.jar:2.1.3.RELEASE]
	at org.springframework.boot.autoconfigure.orm.jpa.JpaBaseConfiguration.jpaVendorAdapter(JpaBaseConfiguration.java:113) [spring-boot-autoconfigure-2.1.3.RELEASE.jar:2.1.3.RELEASE]
	at org.springframework.boot.autoconfigure.orm.jpa.HibernateJpaConfiguration$$EnhancerBySpringCGLIB$$41538b0a.CGLIB$jpaVendorAdapter$5(<generated>) [spring-boot-autoconfigure-2.1.3.RELEASE.jar:2.1.3.RELEASE]
	at org.springframework.boot.autoconfigure.orm.jpa.HibernateJpaConfiguration$$EnhancerBySpringCGLIB$$41538b0a$$FastClassBySpringCGLIB$$1587fce5.invoke(<generated>) [spring-boot-autoconfigure-2.1.3.RELEASE.jar:2.1.3.RELEASE]
	at org.springframework.cglib.proxy.MethodProxy.invokeSuper(MethodProxy.java:244) [spring-core-5.1.5.RELEASE.jar:5.1.5.RELEASE]
	at org.springframework.context.annotation.ConfigurationClassEnhancer$BeanMethodInterceptor.intercept(ConfigurationClassEnhancer.java:363) [spring-context-5.1.5.RELEASE.jar:5.1.5.RELEASE]
	at org.springframework.boot.autoconfigure.orm.jpa.HibernateJpaConfiguration$$EnhancerBySpringCGLIB$$41538b0a.jpaVendorAdapter(<generated>) [spring-boot-autoconfigure-2.1.3.RELEASE.jar:2.1.3.RELEASE]
	at sun.reflect.NativeMethodAccessorImpl.invoke0(Native Method) ~[na:1.8.0_251]
	at sun.reflect.NativeMethodAccessorImpl.invoke(NativeMethodAccessorImpl.java:62) ~[na:1.8.0_251]
	at sun.reflect.DelegatingMethodAccessorImpl.invoke(DelegatingMethodAccessorImpl.java:43) ~[na:1.8.0_251]
	at java.lang.reflect.Method.invoke(Method.java:498) ~[na:1.8.0_251]
	at org.springframework.beans.factory.support.SimpleInstantiationStrategy.instantiate(SimpleInstantiationStrategy.java:154) [spring-beans-5.1.5.RELEASE.jar:5.1.5.RELEASE]
	at org.springframework.beans.factory.support.ConstructorResolver.instantiate(ConstructorResolver.java:622) [spring-beans-5.1.5.RELEASE.jar:5.1.5.RELEASE]
	at org.springframework.beans.factory.support.ConstructorResolver.instantiateUsingFactoryMethod(ConstructorResolver.java:456) [spring-beans-5.1.5.RELEASE.jar:5.1.5.RELEASE]
	at org.springframework.beans.factory.support.AbstractAutowireCapableBeanFactory.instantiateUsingFactoryMethod(AbstractAutowireCapableBeanFactory.java:1305) [spring-beans-5.1.5.RELEASE.jar:5.1.5.RELEASE]
	at org.springframework.beans.factory.support.AbstractAutowireCapableBeanFactory.createBeanInstance(AbstractAutowireCapableBeanFactory.java:1144) [spring-beans-5.1.5.RELEASE.jar:5.1.5.RELEASE]
	at org.springframework.beans.factory.support.AbstractAutowireCapableBeanFactory.doCreateBean(AbstractAutowireCapableBeanFactory.java:555) [spring-beans-5.1.5.RELEASE.jar:5.1.5.RELEASE]
	at org.springframework.beans.factory.support.AbstractAutowireCapableBeanFactory.createBean(AbstractAutowireCapableBeanFactory.java:515) [spring-beans-5.1.5.RELEASE.jar:5.1.5.RELEASE]
	at org.springframework.beans.factory.support.AbstractBeanFactory.lambda$doGetBean$0(AbstractBeanFactory.java:320) [spring-beans-5.1.5.RELEASE.jar:5.1.5.RELEASE]
	at org.springframework.beans.factory.support.DefaultSingletonBeanRegistry.getSingleton(DefaultSingletonBeanRegistry.java:222) ~[spring-beans-5.1.5.RELEASE.jar:5.1.5.RELEASE]
	at org.springframework.beans.factory.support.AbstractBeanFactory.doGetBean(AbstractBeanFactory.java:318) [spring-beans-5.1.5.RELEASE.jar:5.1.5.RELEASE]
	at org.springframework.beans.factory.support.AbstractBeanFactory.getBean(AbstractBeanFactory.java:199) [spring-beans-5.1.5.RELEASE.jar:5.1.5.RELEASE]
	at org.springframework.beans.factory.config.DependencyDescriptor.resolveCandidate(DependencyDescriptor.java:277) ~[spring-beans-5.1.5.RELEASE.jar:5.1.5.RELEASE]
	at org.springframework.beans.factory.support.DefaultListableBeanFactory.doResolveDependency(DefaultListableBeanFactory.java:1247) ~[spring-beans-5.1.5.RELEASE.jar:5.1.5.RELEASE]
	at org.springframework.beans.factory.support.DefaultListableBeanFactory.resolveDependency(DefaultListableBeanFactory.java:1167) ~[spring-beans-5.1.5.RELEASE.jar:5.1.5.RELEASE]
	at org.springframework.beans.factory.support.ConstructorResolver.resolveAutowiredArgument(ConstructorResolver.java:857) [spring-beans-5.1.5.RELEASE.jar:5.1.5.RELEASE]
	at org.springframework.beans.factory.support.ConstructorResolver.createArgumentArray(ConstructorResolver.java:760) [spring-beans-5.1.5.RELEASE.jar:5.1.5.RELEASE]
	at org.springframework.beans.factory.support.ConstructorResolver.instantiateUsingFactoryMethod(ConstructorResolver.java:509) [spring-beans-5.1.5.RELEASE.jar:5.1.5.RELEASE]
	at org.springframework.beans.factory.support.AbstractAutowireCapableBeanFactory.instantiateUsingFactoryMethod(AbstractAutowireCapableBeanFactory.java:1305) [spring-beans-5.1.5.RELEASE.jar:5.1.5.RELEASE]
	at org.springframework.beans.factory.support.AbstractAutowireCapableBeanFactory.createBeanInstance(AbstractAutowireCapableBeanFactory.java:1144) [spring-beans-5.1.5.RELEASE.jar:5.1.5.RELEASE]
	at org.springframework.beans.factory.support.AbstractAutowireCapableBeanFactory.doCreateBean(AbstractAutowireCapableBeanFactory.java:555) [spring-beans-5.1.5.RELEASE.jar:5.1.5.RELEASE]
	at org.springframework.beans.factory.support.AbstractAutowireCapableBeanFactory.createBean(AbstractAutowireCapableBeanFactory.java:515) [spring-beans-5.1.5.RELEASE.jar:5.1.5.RELEASE]
	at org.springframework.beans.factory.support.AbstractBeanFactory.lambda$doGetBean$0(AbstractBeanFactory.java:320) [spring-beans-5.1.5.RELEASE.jar:5.1.5.RELEASE]
	at org.springframework.beans.factory.support.DefaultSingletonBeanRegistry.getSingleton(DefaultSingletonBeanRegistry.java:222) ~[spring-beans-5.1.5.RELEASE.jar:5.1.5.RELEASE]
	at org.springframework.beans.factory.support.AbstractBeanFactory.doGetBean(AbstractBeanFactory.java:318) [spring-beans-5.1.5.RELEASE.jar:5.1.5.RELEASE]
	at org.springframework.beans.factory.support.AbstractBeanFactory.getBean(AbstractBeanFactory.java:199) [spring-beans-5.1.5.RELEASE.jar:5.1.5.RELEASE]
	at org.springframework.beans.factory.config.DependencyDescriptor.resolveCandidate(DependencyDescriptor.java:277) ~[spring-beans-5.1.5.RELEASE.jar:5.1.5.RELEASE]
	at org.springframework.beans.factory.support.DefaultListableBeanFactory.doResolveDependency(DefaultListableBeanFactory.java:1247) ~[spring-beans-5.1.5.RELEASE.jar:5.1.5.RELEASE]
	at org.springframework.beans.factory.support.DefaultListableBeanFactory.resolveDependency(DefaultListableBeanFactory.java:1167) ~[spring-beans-5.1.5.RELEASE.jar:5.1.5.RELEASE]
	at org.springframework.beans.factory.support.ConstructorResolver.resolveAutowiredArgument(ConstructorResolver.java:857) [spring-beans-5.1.5.RELEASE.jar:5.1.5.RELEASE]
	at org.springframework.beans.factory.support.ConstructorResolver.createArgumentArray(ConstructorResolver.java:760) [spring-beans-5.1.5.RELEASE.jar:5.1.5.RELEASE]
	at org.springframework.beans.factory.support.ConstructorResolver.instantiateUsingFactoryMethod(ConstructorResolver.java:509) [spring-beans-5.1.5.RELEASE.jar:5.1.5.RELEASE]
	at org.springframework.beans.factory.support.AbstractAutowireCapableBeanFactory.instantiateUsingFactoryMethod(AbstractAutowireCapableBeanFactory.java:1305) [spring-beans-5.1.5.RELEASE.jar:5.1.5.RELEASE]
	at org.springframework.beans.factory.support.AbstractAutowireCapableBeanFactory.createBeanInstance(AbstractAutowireCapableBeanFactory.java:1144) [spring-beans-5.1.5.RELEASE.jar:5.1.5.RELEASE]
	at org.springframework.beans.factory.support.AbstractAutowireCapableBeanFactory.doCreateBean(AbstractAutowireCapableBeanFactory.java:555) [spring-beans-5.1.5.RELEASE.jar:5.1.5.RELEASE]
	at org.springframework.beans.factory.support.AbstractAutowireCapableBeanFactory.createBean(AbstractAutowireCapableBeanFactory.java:515) [spring-beans-5.1.5.RELEASE.jar:5.1.5.RELEASE]
	at org.springframework.beans.factory.support.AbstractBeanFactory.lambda$doGetBean$0(AbstractBeanFactory.java:320) [spring-beans-5.1.5.RELEASE.jar:5.1.5.RELEASE]
	at org.springframework.beans.factory.support.DefaultSingletonBeanRegistry.getSingleton(DefaultSingletonBeanRegistry.java:222) ~[spring-beans-5.1.5.RELEASE.jar:5.1.5.RELEASE]
	at org.springframework.beans.factory.support.AbstractBeanFactory.doGetBean(AbstractBeanFactory.java:318) [spring-beans-5.1.5.RELEASE.jar:5.1.5.RELEASE]
	at org.springframework.beans.factory.support.AbstractBeanFactory.getBean(AbstractBeanFactory.java:199) [spring-beans-5.1.5.RELEASE.jar:5.1.5.RELEASE]
	at org.springframework.context.support.AbstractApplicationContext.getBean(AbstractApplicationContext.java:1105) ~[spring-context-5.1.5.RELEASE.jar:5.1.5.RELEASE]
	at org.springframework.context.support.AbstractApplicationContext.finishBeanFactoryInitialization(AbstractApplicationContext.java:867) ~[spring-context-5.1.5.RELEASE.jar:5.1.5.RELEASE]
	at org.springframework.context.support.AbstractApplicationContext.refresh(AbstractApplicationContext.java:549) ~[spring-context-5.1.5.RELEASE.jar:5.1.5.RELEASE]
	at org.springframework.boot.SpringApplication.refresh(SpringApplication.java:775) ~[spring-boot-2.1.3.RELEASE.jar:2.1.3.RELEASE]
	at org.springframework.boot.SpringApplication.refreshContext(SpringApplication.java:397) ~[spring-boot-2.1.3.RELEASE.jar:2.1.3.RELEASE]
	at org.springframework.boot.SpringApplication.run(SpringApplication.java:316) ~[spring-boot-2.1.3.RELEASE.jar:2.1.3.RELEASE]
	at org.springframework.boot.builder.SpringApplicationBuilder.run(SpringApplicationBuilder.java:139) ~[spring-boot-2.1.3.RELEASE.jar:2.1.3.RELEASE]
	at com.bytecode.javafx.spring.integration.SpringJavaFXIntegration.SpringJavaFxIntegrationApplication.init(SpringJavaFxIntegrationApplication.java:24) ~[classes/:na]
	at com.sun.javafx.application.LauncherImpl.launchApplication1(LauncherImpl.java:841) ~[jfxrt.jar:na]
	at com.sun.javafx.application.LauncherImpl.lambda$launchApplication$1(LauncherImpl.java:182) ~[jfxrt.jar:na]
	at java.lang.Thread.run(Thread.java:748) ~[na:1.8.0_251]
Caused by: java.net.UnknownHostException: ateneadev.asuncion.gov.py
	at java.net.AbstractPlainSocketImpl.connect(AbstractPlainSocketImpl.java:184) ~[na:1.8.0_251]
	at java.net.SocksSocketImpl.connect(SocksSocketImpl.java:392) ~[na:1.8.0_251]
	at java.net.Socket.connect(Socket.java:606) ~[na:1.8.0_251]
	at org.postgresql.core.PGStream.<init>(PGStream.java:70) ~[postgresql-42.2.5.jar:42.2.5]
	at org.postgresql.core.v3.ConnectionFactoryImpl.tryConnect(ConnectionFactoryImpl.java:91) ~[postgresql-42.2.5.jar:42.2.5]
	at org.postgresql.core.v3.ConnectionFactoryImpl.openConnectionImpl(ConnectionFactoryImpl.java:192) ~[postgresql-42.2.5.jar:42.2.5]
	... 78 common frames omitted

2020-06-13 13:14:15.474  WARN 7274 --- [JavaFX-Launcher] o.s.b.a.orm.jpa.DatabaseLookup           : Unable to determine jdbc url from datasource

org.springframework.jdbc.support.MetaDataAccessException: Could not get Connection for extracting meta-data; nested exception is org.springframework.jdbc.CannotGetJdbcConnectionException: Failed to obtain JDBC Connection; nested exception is org.postgresql.util.PSQLException: El intento de conexión falló.
	at org.springframework.jdbc.support.JdbcUtils.extractDatabaseMetaData(JdbcUtils.java:328) ~[spring-jdbc-5.1.5.RELEASE.jar:5.1.5.RELEASE]
	at org.springframework.jdbc.support.JdbcUtils.extractDatabaseMetaData(JdbcUtils.java:356) ~[spring-jdbc-5.1.5.RELEASE.jar:5.1.5.RELEASE]
	at org.springframework.boot.autoconfigure.orm.jpa.DatabaseLookup.getDatabase(DatabaseLookup.java:73) ~[spring-boot-autoconfigure-2.1.3.RELEASE.jar:2.1.3.RELEASE]
	at org.springframework.boot.autoconfigure.orm.jpa.JpaProperties.determineDatabase(JpaProperties.java:142) [spring-boot-autoconfigure-2.1.3.RELEASE.jar:2.1.3.RELEASE]
	at org.springframework.boot.autoconfigure.orm.jpa.JpaBaseConfiguration.jpaVendorAdapter(JpaBaseConfiguration.java:113) [spring-boot-autoconfigure-2.1.3.RELEASE.jar:2.1.3.RELEASE]
	at org.springframework.boot.autoconfigure.orm.jpa.HibernateJpaConfiguration$$EnhancerBySpringCGLIB$$41538b0a.CGLIB$jpaVendorAdapter$5(<generated>) [spring-boot-autoconfigure-2.1.3.RELEASE.jar:2.1.3.RELEASE]
	at org.springframework.boot.autoconfigure.orm.jpa.HibernateJpaConfiguration$$EnhancerBySpringCGLIB$$41538b0a$$FastClassBySpringCGLIB$$1587fce5.invoke(<generated>) [spring-boot-autoconfigure-2.1.3.RELEASE.jar:2.1.3.RELEASE]
	at org.springframework.cglib.proxy.MethodProxy.invokeSuper(MethodProxy.java:244) [spring-core-5.1.5.RELEASE.jar:5.1.5.RELEASE]
	at org.springframework.context.annotation.ConfigurationClassEnhancer$BeanMethodInterceptor.intercept(ConfigurationClassEnhancer.java:363) [spring-context-5.1.5.RELEASE.jar:5.1.5.RELEASE]
	at org.springframework.boot.autoconfigure.orm.jpa.HibernateJpaConfiguration$$EnhancerBySpringCGLIB$$41538b0a.jpaVendorAdapter(<generated>) [spring-boot-autoconfigure-2.1.3.RELEASE.jar:2.1.3.RELEASE]
	at sun.reflect.NativeMethodAccessorImpl.invoke0(Native Method) ~[na:1.8.0_251]
	at sun.reflect.NativeMethodAccessorImpl.invoke(NativeMethodAccessorImpl.java:62) ~[na:1.8.0_251]
	at sun.reflect.DelegatingMethodAccessorImpl.invoke(DelegatingMethodAccessorImpl.java:43) ~[na:1.8.0_251]
	at java.lang.reflect.Method.invoke(Method.java:498) ~[na:1.8.0_251]
	at org.springframework.beans.factory.support.SimpleInstantiationStrategy.instantiate(SimpleInstantiationStrategy.java:154) [spring-beans-5.1.5.RELEASE.jar:5.1.5.RELEASE]
	at org.springframework.beans.factory.support.ConstructorResolver.instantiate(ConstructorResolver.java:622) [spring-beans-5.1.5.RELEASE.jar:5.1.5.RELEASE]
	at org.springframework.beans.factory.support.ConstructorResolver.instantiateUsingFactoryMethod(ConstructorResolver.java:456) [spring-beans-5.1.5.RELEASE.jar:5.1.5.RELEASE]
	at org.springframework.beans.factory.support.AbstractAutowireCapableBeanFactory.instantiateUsingFactoryMethod(AbstractAutowireCapableBeanFactory.java:1305) [spring-beans-5.1.5.RELEASE.jar:5.1.5.RELEASE]
	at org.springframework.beans.factory.support.AbstractAutowireCapableBeanFactory.createBeanInstance(AbstractAutowireCapableBeanFactory.java:1144) [spring-beans-5.1.5.RELEASE.jar:5.1.5.RELEASE]
	at org.springframework.beans.factory.support.AbstractAutowireCapableBeanFactory.doCreateBean(AbstractAutowireCapableBeanFactory.java:555) [spring-beans-5.1.5.RELEASE.jar:5.1.5.RELEASE]
	at org.springframework.beans.factory.support.AbstractAutowireCapableBeanFactory.createBean(AbstractAutowireCapableBeanFactory.java:515) [spring-beans-5.1.5.RELEASE.jar:5.1.5.RELEASE]
	at org.springframework.beans.factory.support.AbstractBeanFactory.lambda$doGetBean$0(AbstractBeanFactory.java:320) [spring-beans-5.1.5.RELEASE.jar:5.1.5.RELEASE]
	at org.springframework.beans.factory.support.DefaultSingletonBeanRegistry.getSingleton(DefaultSingletonBeanRegistry.java:222) ~[spring-beans-5.1.5.RELEASE.jar:5.1.5.RELEASE]
	at org.springframework.beans.factory.support.AbstractBeanFactory.doGetBean(AbstractBeanFactory.java:318) [spring-beans-5.1.5.RELEASE.jar:5.1.5.RELEASE]
	at org.springframework.beans.factory.support.AbstractBeanFactory.getBean(AbstractBeanFactory.java:199) [spring-beans-5.1.5.RELEASE.jar:5.1.5.RELEASE]
	at org.springframework.beans.factory.config.DependencyDescriptor.resolveCandidate(DependencyDescriptor.java:277) ~[spring-beans-5.1.5.RELEASE.jar:5.1.5.RELEASE]
	at org.springframework.beans.factory.support.DefaultListableBeanFactory.doResolveDependency(DefaultListableBeanFactory.java:1247) ~[spring-beans-5.1.5.RELEASE.jar:5.1.5.RELEASE]
	at org.springframework.beans.factory.support.DefaultListableBeanFactory.resolveDependency(DefaultListableBeanFactory.java:1167) ~[spring-beans-5.1.5.RELEASE.jar:5.1.5.RELEASE]
	at org.springframework.beans.factory.support.ConstructorResolver.resolveAutowiredArgument(ConstructorResolver.java:857) [spring-beans-5.1.5.RELEASE.jar:5.1.5.RELEASE]
	at org.springframework.beans.factory.support.ConstructorResolver.createArgumentArray(ConstructorResolver.java:760) [spring-beans-5.1.5.RELEASE.jar:5.1.5.RELEASE]
	at org.springframework.beans.factory.support.ConstructorResolver.instantiateUsingFactoryMethod(ConstructorResolver.java:509) [spring-beans-5.1.5.RELEASE.jar:5.1.5.RELEASE]
	at org.springframework.beans.factory.support.AbstractAutowireCapableBeanFactory.instantiateUsingFactoryMethod(AbstractAutowireCapableBeanFactory.java:1305) [spring-beans-5.1.5.RELEASE.jar:5.1.5.RELEASE]
	at org.springframework.beans.factory.support.AbstractAutowireCapableBeanFactory.createBeanInstance(AbstractAutowireCapableBeanFactory.java:1144) [spring-beans-5.1.5.RELEASE.jar:5.1.5.RELEASE]
	at org.springframework.beans.factory.support.AbstractAutowireCapableBeanFactory.doCreateBean(AbstractAutowireCapableBeanFactory.java:555) [spring-beans-5.1.5.RELEASE.jar:5.1.5.RELEASE]
	at org.springframework.beans.factory.support.AbstractAutowireCapableBeanFactory.createBean(AbstractAutowireCapableBeanFactory.java:515) [spring-beans-5.1.5.RELEASE.jar:5.1.5.RELEASE]
	at org.springframework.beans.factory.support.AbstractBeanFactory.lambda$doGetBean$0(AbstractBeanFactory.java:320) [spring-beans-5.1.5.RELEASE.jar:5.1.5.RELEASE]
	at org.springframework.beans.factory.support.DefaultSingletonBeanRegistry.getSingleton(DefaultSingletonBeanRegistry.java:222) ~[spring-beans-5.1.5.RELEASE.jar:5.1.5.RELEASE]
	at org.springframework.beans.factory.support.AbstractBeanFactory.doGetBean(AbstractBeanFactory.java:318) [spring-beans-5.1.5.RELEASE.jar:5.1.5.RELEASE]
	at org.springframework.beans.factory.support.AbstractBeanFactory.getBean(AbstractBeanFactory.java:199) [spring-beans-5.1.5.RELEASE.jar:5.1.5.RELEASE]
	at org.springframework.beans.factory.config.DependencyDescriptor.resolveCandidate(DependencyDescriptor.java:277) ~[spring-beans-5.1.5.RELEASE.jar:5.1.5.RELEASE]
	at org.springframework.beans.factory.support.DefaultListableBeanFactory.doResolveDependency(DefaultListableBeanFactory.java:1247) ~[spring-beans-5.1.5.RELEASE.jar:5.1.5.RELEASE]
	at org.springframework.beans.factory.support.DefaultListableBeanFactory.resolveDependency(DefaultListableBeanFactory.java:1167) ~[spring-beans-5.1.5.RELEASE.jar:5.1.5.RELEASE]
	at org.springframework.beans.factory.support.ConstructorResolver.resolveAutowiredArgument(ConstructorResolver.java:857) [spring-beans-5.1.5.RELEASE.jar:5.1.5.RELEASE]
	at org.springframework.beans.factory.support.ConstructorResolver.createArgumentArray(ConstructorResolver.java:760) [spring-beans-5.1.5.RELEASE.jar:5.1.5.RELEASE]
	at org.springframework.beans.factory.support.ConstructorResolver.instantiateUsingFactoryMethod(ConstructorResolver.java:509) [spring-beans-5.1.5.RELEASE.jar:5.1.5.RELEASE]
	at org.springframework.beans.factory.support.AbstractAutowireCapableBeanFactory.instantiateUsingFactoryMethod(AbstractAutowireCapableBeanFactory.java:1305) [spring-beans-5.1.5.RELEASE.jar:5.1.5.RELEASE]
	at org.springframework.beans.factory.support.AbstractAutowireCapableBeanFactory.createBeanInstance(AbstractAutowireCapableBeanFactory.java:1144) [spring-beans-5.1.5.RELEASE.jar:5.1.5.RELEASE]
	at org.springframework.beans.factory.support.AbstractAutowireCapableBeanFactory.doCreateBean(AbstractAutowireCapableBeanFactory.java:555) [spring-beans-5.1.5.RELEASE.jar:5.1.5.RELEASE]
	at org.springframework.beans.factory.support.AbstractAutowireCapableBeanFactory.createBean(AbstractAutowireCapableBeanFactory.java:515) [spring-beans-5.1.5.RELEASE.jar:5.1.5.RELEASE]
	at org.springframework.beans.factory.support.AbstractBeanFactory.lambda$doGetBean$0(AbstractBeanFactory.java:320) [spring-beans-5.1.5.RELEASE.jar:5.1.5.RELEASE]
	at org.springframework.beans.factory.support.DefaultSingletonBeanRegistry.getSingleton(DefaultSingletonBeanRegistry.java:222) ~[spring-beans-5.1.5.RELEASE.jar:5.1.5.RELEASE]
	at org.springframework.beans.factory.support.AbstractBeanFactory.doGetBean(AbstractBeanFactory.java:318) [spring-beans-5.1.5.RELEASE.jar:5.1.5.RELEASE]
	at org.springframework.beans.factory.support.AbstractBeanFactory.getBean(AbstractBeanFactory.java:199) [spring-beans-5.1.5.RELEASE.jar:5.1.5.RELEASE]
	at org.springframework.context.support.AbstractApplicationContext.getBean(AbstractApplicationContext.java:1105) ~[spring-context-5.1.5.RELEASE.jar:5.1.5.RELEASE]
	at org.springframework.context.support.AbstractApplicationContext.finishBeanFactoryInitialization(AbstractApplicationContext.java:867) ~[spring-context-5.1.5.RELEASE.jar:5.1.5.RELEASE]
	at org.springframework.context.support.AbstractApplicationContext.refresh(AbstractApplicationContext.java:549) ~[spring-context-5.1.5.RELEASE.jar:5.1.5.RELEASE]
	at org.springframework.boot.SpringApplication.refresh(SpringApplication.java:775) ~[spring-boot-2.1.3.RELEASE.jar:2.1.3.RELEASE]
	at org.springframework.boot.SpringApplication.refreshContext(SpringApplication.java:397) ~[spring-boot-2.1.3.RELEASE.jar:2.1.3.RELEASE]
	at org.springframework.boot.SpringApplication.run(SpringApplication.java:316) ~[spring-boot-2.1.3.RELEASE.jar:2.1.3.RELEASE]
	at org.springframework.boot.builder.SpringApplicationBuilder.run(SpringApplicationBuilder.java:139) ~[spring-boot-2.1.3.RELEASE.jar:2.1.3.RELEASE]
	at com.bytecode.javafx.spring.integration.SpringJavaFXIntegration.SpringJavaFxIntegrationApplication.init(SpringJavaFxIntegrationApplication.java:24) ~[classes/:na]
	at com.sun.javafx.application.LauncherImpl.launchApplication1(LauncherImpl.java:841) ~[jfxrt.jar:na]
	at com.sun.javafx.application.LauncherImpl.lambda$launchApplication$1(LauncherImpl.java:182) ~[jfxrt.jar:na]
	at java.lang.Thread.run(Thread.java:748) ~[na:1.8.0_251]
Caused by: org.springframework.jdbc.CannotGetJdbcConnectionException: Failed to obtain JDBC Connection; nested exception is org.postgresql.util.PSQLException: El intento de conexión falló.
	at org.springframework.jdbc.datasource.DataSourceUtils.getConnection(DataSourceUtils.java:81) ~[spring-jdbc-5.1.5.RELEASE.jar:5.1.5.RELEASE]
	at org.springframework.jdbc.support.JdbcUtils.extractDatabaseMetaData(JdbcUtils.java:319) ~[spring-jdbc-5.1.5.RELEASE.jar:5.1.5.RELEASE]
	... 63 common frames omitted
Caused by: org.postgresql.util.PSQLException: El intento de conexión falló.
	at org.postgresql.core.v3.ConnectionFactoryImpl.openConnectionImpl(ConnectionFactoryImpl.java:292) ~[postgresql-42.2.5.jar:42.2.5]
	at org.postgresql.core.ConnectionFactory.openConnection(ConnectionFactory.java:49) ~[postgresql-42.2.5.jar:42.2.5]
	at org.postgresql.jdbc.PgConnection.<init>(PgConnection.java:195) ~[postgresql-42.2.5.jar:42.2.5]
	at org.postgresql.Driver.makeConnection(Driver.java:454) ~[postgresql-42.2.5.jar:42.2.5]
	at org.postgresql.Driver.connect(Driver.java:256) ~[postgresql-42.2.5.jar:42.2.5]
	at com.zaxxer.hikari.util.DriverDataSource.getConnection(DriverDataSource.java:136) ~[HikariCP-3.2.0.jar:na]
	at com.zaxxer.hikari.pool.PoolBase.newConnection(PoolBase.java:369) ~[HikariCP-3.2.0.jar:na]
	at com.zaxxer.hikari.pool.PoolBase.newPoolEntry(PoolBase.java:198) ~[HikariCP-3.2.0.jar:na]
	at com.zaxxer.hikari.pool.HikariPool.createPoolEntry(HikariPool.java:467) ~[HikariCP-3.2.0.jar:na]
	at com.zaxxer.hikari.pool.HikariPool.checkFailFast(HikariPool.java:541) ~[HikariCP-3.2.0.jar:na]
	at com.zaxxer.hikari.pool.HikariPool.<init>(HikariPool.java:115) ~[HikariCP-3.2.0.jar:na]
	at com.zaxxer.hikari.HikariDataSource.getConnection(HikariDataSource.java:112) ~[HikariCP-3.2.0.jar:na]
	at org.springframework.jdbc.datasource.DataSourceUtils.fetchConnection(DataSourceUtils.java:157) ~[spring-jdbc-5.1.5.RELEASE.jar:5.1.5.RELEASE]
	at org.springframework.jdbc.datasource.DataSourceUtils.doGetConnection(DataSourceUtils.java:115) ~[spring-jdbc-5.1.5.RELEASE.jar:5.1.5.RELEASE]
	at org.springframework.jdbc.datasource.DataSourceUtils.getConnection(DataSourceUtils.java:78) ~[spring-jdbc-5.1.5.RELEASE.jar:5.1.5.RELEASE]
	... 64 common frames omitted
Caused by: java.net.UnknownHostException: ateneadev.asuncion.gov.py
	at java.net.AbstractPlainSocketImpl.connect(AbstractPlainSocketImpl.java:184) ~[na:1.8.0_251]
	at java.net.SocksSocketImpl.connect(SocksSocketImpl.java:392) ~[na:1.8.0_251]
	at java.net.Socket.connect(Socket.java:606) ~[na:1.8.0_251]
	at org.postgresql.core.PGStream.<init>(PGStream.java:70) ~[postgresql-42.2.5.jar:42.2.5]
	at org.postgresql.core.v3.ConnectionFactoryImpl.tryConnect(ConnectionFactoryImpl.java:91) ~[postgresql-42.2.5.jar:42.2.5]
	at org.postgresql.core.v3.ConnectionFactoryImpl.openConnectionImpl(ConnectionFactoryImpl.java:192) ~[postgresql-42.2.5.jar:42.2.5]
	... 78 common frames omitted

2020-06-13 13:14:15.548  INFO 7274 --- [JavaFX-Launcher] o.hibernate.jpa.internal.util.LogHelper  : HHH000204: Processing PersistenceUnitInfo [
	name: default
	...]
2020-06-13 13:14:15.685  INFO 7274 --- [JavaFX-Launcher] org.hibernate.Version                    : HHH000412: Hibernate Core {5.3.7.Final}
2020-06-13 13:14:15.688  INFO 7274 --- [JavaFX-Launcher] org.hibernate.cfg.Environment            : HHH000206: hibernate.properties not found
2020-06-13 13:14:15.979  INFO 7274 --- [JavaFX-Launcher] o.hibernate.annotations.common.Version   : HCANN000001: Hibernate Commons Annotations {5.0.4.Final}
2020-06-13 13:14:16.250  INFO 7274 --- [JavaFX-Launcher] com.zaxxer.hikari.HikariDataSource       : HikariPool-1 - Starting...
2020-06-13 13:14:17.255 ERROR 7274 --- [JavaFX-Launcher] com.zaxxer.hikari.pool.HikariPool        : HikariPool-1 - Exception during pool initialization.

org.postgresql.util.PSQLException: El intento de conexión falló.
	at org.postgresql.core.v3.ConnectionFactoryImpl.openConnectionImpl(ConnectionFactoryImpl.java:292) ~[postgresql-42.2.5.jar:42.2.5]
	at org.postgresql.core.ConnectionFactory.openConnection(ConnectionFactory.java:49) ~[postgresql-42.2.5.jar:42.2.5]
	at org.postgresql.jdbc.PgConnection.<init>(PgConnection.java:195) ~[postgresql-42.2.5.jar:42.2.5]
	at org.postgresql.Driver.makeConnection(Driver.java:454) ~[postgresql-42.2.5.jar:42.2.5]
	at org.postgresql.Driver.connect(Driver.java:256) ~[postgresql-42.2.5.jar:42.2.5]
	at com.zaxxer.hikari.util.DriverDataSource.getConnection(DriverDataSource.java:136) ~[HikariCP-3.2.0.jar:na]
	at com.zaxxer.hikari.pool.PoolBase.newConnection(PoolBase.java:369) ~[HikariCP-3.2.0.jar:na]
	at com.zaxxer.hikari.pool.PoolBase.newPoolEntry(PoolBase.java:198) ~[HikariCP-3.2.0.jar:na]
	at com.zaxxer.hikari.pool.HikariPool.createPoolEntry(HikariPool.java:467) [HikariCP-3.2.0.jar:na]
	at com.zaxxer.hikari.pool.HikariPool.checkFailFast(HikariPool.java:541) [HikariCP-3.2.0.jar:na]
	at com.zaxxer.hikari.pool.HikariPool.<init>(HikariPool.java:115) [HikariCP-3.2.0.jar:na]
	at com.zaxxer.hikari.HikariDataSource.getConnection(HikariDataSource.java:112) [HikariCP-3.2.0.jar:na]
	at org.hibernate.engine.jdbc.connections.internal.DatasourceConnectionProviderImpl.getConnection(DatasourceConnectionProviderImpl.java:122) [hibernate-core-5.3.7.Final.jar:5.3.7.Final]
	at org.hibernate.engine.jdbc.env.internal.JdbcEnvironmentInitiator$ConnectionProviderJdbcConnectionAccess.obtainConnection(JdbcEnvironmentInitiator.java:180) [hibernate-core-5.3.7.Final.jar:5.3.7.Final]
	at org.hibernate.engine.jdbc.env.internal.JdbcEnvironmentInitiator.initiateService(JdbcEnvironmentInitiator.java:68) [hibernate-core-5.3.7.Final.jar:5.3.7.Final]
	at org.hibernate.engine.jdbc.env.internal.JdbcEnvironmentInitiator.initiateService(JdbcEnvironmentInitiator.java:35) [hibernate-core-5.3.7.Final.jar:5.3.7.Final]
	at org.hibernate.boot.registry.internal.StandardServiceRegistryImpl.initiateService(StandardServiceRegistryImpl.java:94) [hibernate-core-5.3.7.Final.jar:5.3.7.Final]
	at org.hibernate.service.internal.AbstractServiceRegistryImpl.createService(AbstractServiceRegistryImpl.java:263) [hibernate-core-5.3.7.Final.jar:5.3.7.Final]
	at org.hibernate.service.internal.AbstractServiceRegistryImpl.initializeService(AbstractServiceRegistryImpl.java:237) [hibernate-core-5.3.7.Final.jar:5.3.7.Final]
	at org.hibernate.service.internal.AbstractServiceRegistryImpl.getService(AbstractServiceRegistryImpl.java:214) [hibernate-core-5.3.7.Final.jar:5.3.7.Final]
	at org.hibernate.id.factory.internal.DefaultIdentifierGeneratorFactory.injectServices(DefaultIdentifierGeneratorFactory.java:152) [hibernate-core-5.3.7.Final.jar:5.3.7.Final]
	at org.hibernate.service.internal.AbstractServiceRegistryImpl.injectDependencies(AbstractServiceRegistryImpl.java:286) [hibernate-core-5.3.7.Final.jar:5.3.7.Final]
	at org.hibernate.service.internal.AbstractServiceRegistryImpl.initializeService(AbstractServiceRegistryImpl.java:243) [hibernate-core-5.3.7.Final.jar:5.3.7.Final]
	at org.hibernate.service.internal.AbstractServiceRegistryImpl.getService(AbstractServiceRegistryImpl.java:214) [hibernate-core-5.3.7.Final.jar:5.3.7.Final]
	at org.hibernate.boot.internal.InFlightMetadataCollectorImpl.<init>(InFlightMetadataCollectorImpl.java:179) [hibernate-core-5.3.7.Final.jar:5.3.7.Final]
	at org.hibernate.boot.model.process.spi.MetadataBuildingProcess.complete(MetadataBuildingProcess.java:119) [hibernate-core-5.3.7.Final.jar:5.3.7.Final]
	at org.hibernate.jpa.boot.internal.EntityManagerFactoryBuilderImpl.metadata(EntityManagerFactoryBuilderImpl.java:904) [hibernate-core-5.3.7.Final.jar:5.3.7.Final]
	at org.hibernate.jpa.boot.internal.EntityManagerFactoryBuilderImpl.build(EntityManagerFactoryBuilderImpl.java:935) [hibernate-core-5.3.7.Final.jar:5.3.7.Final]
	at org.springframework.orm.jpa.vendor.SpringHibernateJpaPersistenceProvider.createContainerEntityManagerFactory(SpringHibernateJpaPersistenceProvider.java:57) [spring-orm-5.1.5.RELEASE.jar:5.1.5.RELEASE]
	at org.springframework.orm.jpa.LocalContainerEntityManagerFactoryBean.createNativeEntityManagerFactory(LocalContainerEntityManagerFactoryBean.java:365) [spring-orm-5.1.5.RELEASE.jar:5.1.5.RELEASE]
	at org.springframework.orm.jpa.AbstractEntityManagerFactoryBean.buildNativeEntityManagerFactory(AbstractEntityManagerFactoryBean.java:390) [spring-orm-5.1.5.RELEASE.jar:5.1.5.RELEASE]
	at org.springframework.orm.jpa.AbstractEntityManagerFactoryBean.afterPropertiesSet(AbstractEntityManagerFactoryBean.java:377) [spring-orm-5.1.5.RELEASE.jar:5.1.5.RELEASE]
	at org.springframework.orm.jpa.LocalContainerEntityManagerFactoryBean.afterPropertiesSet(LocalContainerEntityManagerFactoryBean.java:341) [spring-orm-5.1.5.RELEASE.jar:5.1.5.RELEASE]
	at org.springframework.beans.factory.support.AbstractAutowireCapableBeanFactory.invokeInitMethods(AbstractAutowireCapableBeanFactory.java:1821) [spring-beans-5.1.5.RELEASE.jar:5.1.5.RELEASE]
	at org.springframework.beans.factory.support.AbstractAutowireCapableBeanFactory.initializeBean(AbstractAutowireCapableBeanFactory.java:1758) [spring-beans-5.1.5.RELEASE.jar:5.1.5.RELEASE]
	at org.springframework.beans.factory.support.AbstractAutowireCapableBeanFactory.doCreateBean(AbstractAutowireCapableBeanFactory.java:593) [spring-beans-5.1.5.RELEASE.jar:5.1.5.RELEASE]
	at org.springframework.beans.factory.support.AbstractAutowireCapableBeanFactory.createBean(AbstractAutowireCapableBeanFactory.java:515) [spring-beans-5.1.5.RELEASE.jar:5.1.5.RELEASE]
	at org.springframework.beans.factory.support.AbstractBeanFactory.lambda$doGetBean$0(AbstractBeanFactory.java:320) [spring-beans-5.1.5.RELEASE.jar:5.1.5.RELEASE]
	at org.springframework.beans.factory.support.DefaultSingletonBeanRegistry.getSingleton(DefaultSingletonBeanRegistry.java:222) ~[spring-beans-5.1.5.RELEASE.jar:5.1.5.RELEASE]
	at org.springframework.beans.factory.support.AbstractBeanFactory.doGetBean(AbstractBeanFactory.java:318) [spring-beans-5.1.5.RELEASE.jar:5.1.5.RELEASE]
	at org.springframework.beans.factory.support.AbstractBeanFactory.getBean(AbstractBeanFactory.java:199) [spring-beans-5.1.5.RELEASE.jar:5.1.5.RELEASE]
	at org.springframework.context.support.AbstractApplicationContext.getBean(AbstractApplicationContext.java:1105) ~[spring-context-5.1.5.RELEASE.jar:5.1.5.RELEASE]
	at org.springframework.context.support.AbstractApplicationContext.finishBeanFactoryInitialization(AbstractApplicationContext.java:867) ~[spring-context-5.1.5.RELEASE.jar:5.1.5.RELEASE]
	at org.springframework.context.support.AbstractApplicationContext.refresh(AbstractApplicationContext.java:549) ~[spring-context-5.1.5.RELEASE.jar:5.1.5.RELEASE]
	at org.springframework.boot.SpringApplication.refresh(SpringApplication.java:775) ~[spring-boot-2.1.3.RELEASE.jar:2.1.3.RELEASE]
	at org.springframework.boot.SpringApplication.refreshContext(SpringApplication.java:397) ~[spring-boot-2.1.3.RELEASE.jar:2.1.3.RELEASE]
	at org.springframework.boot.SpringApplication.run(SpringApplication.java:316) ~[spring-boot-2.1.3.RELEASE.jar:2.1.3.RELEASE]
	at org.springframework.boot.builder.SpringApplicationBuilder.run(SpringApplicationBuilder.java:139) ~[spring-boot-2.1.3.RELEASE.jar:2.1.3.RELEASE]
	at com.bytecode.javafx.spring.integration.SpringJavaFXIntegration.SpringJavaFxIntegrationApplication.init(SpringJavaFxIntegrationApplication.java:24) ~[classes/:na]
	at com.sun.javafx.application.LauncherImpl.launchApplication1(LauncherImpl.java:841) ~[jfxrt.jar:na]
	at com.sun.javafx.application.LauncherImpl.lambda$launchApplication$1(LauncherImpl.java:182) ~[jfxrt.jar:na]
	at java.lang.Thread.run(Thread.java:748) ~[na:1.8.0_251]
Caused by: java.net.UnknownHostException: ateneadev.asuncion.gov.py
	at java.net.AbstractPlainSocketImpl.connect(AbstractPlainSocketImpl.java:184) ~[na:1.8.0_251]
	at java.net.SocksSocketImpl.connect(SocksSocketImpl.java:392) ~[na:1.8.0_251]
	at java.net.Socket.connect(Socket.java:606) ~[na:1.8.0_251]
	at org.postgresql.core.PGStream.<init>(PGStream.java:70) ~[postgresql-42.2.5.jar:42.2.5]
	at org.postgresql.core.v3.ConnectionFactoryImpl.tryConnect(ConnectionFactoryImpl.java:91) ~[postgresql-42.2.5.jar:42.2.5]
	at org.postgresql.core.v3.ConnectionFactoryImpl.openConnectionImpl(ConnectionFactoryImpl.java:192) ~[postgresql-42.2.5.jar:42.2.5]
	... 51 common frames omitted

2020-06-13 13:14:17.258  WARN 7274 --- [JavaFX-Launcher] o.h.e.j.e.i.JdbcEnvironmentInitiator     : HHH000342: Could not obtain connection to query metadata : El intento de conexión falló.
2020-06-13 13:14:17.282  INFO 7274 --- [JavaFX-Launcher] org.hibernate.dialect.Dialect            : HHH000400: Using dialect: org.hibernate.dialect.PostgreSQL95Dialect
2020-06-13 13:14:17.308  INFO 7274 --- [JavaFX-Launcher] o.h.e.j.e.i.LobCreatorBuilderImpl        : HHH000422: Disabling contextual LOB creation as connection was null
2020-06-13 13:14:17.315  INFO 7274 --- [JavaFX-Launcher] org.hibernate.type.BasicTypeRegistry     : HHH000270: Type registration [java.util.UUID] overrides previous : org.hibernate.type.UUIDBinaryType@25c3dd37
2020-06-13 13:14:17.484  WARN 7274 --- [JavaFX-Launcher] org.hibernate.id.UUIDHexGenerator        : HHH000409: Using org.hibernate.id.UUIDHexGenerator which does not generate IETF RFC 4122 compliant UUID values; consider using org.hibernate.id.UUIDGenerator instead
2020-06-13 13:14:18.102  INFO 7274 --- [JavaFX-Launcher] com.zaxxer.hikari.HikariDataSource       : HikariPool-1 - Starting...
2020-06-13 13:14:19.105 ERROR 7274 --- [JavaFX-Launcher] com.zaxxer.hikari.pool.HikariPool        : HikariPool-1 - Exception during pool initialization.

org.postgresql.util.PSQLException: El intento de conexión falló.
	at org.postgresql.core.v3.ConnectionFactoryImpl.openConnectionImpl(ConnectionFactoryImpl.java:292) ~[postgresql-42.2.5.jar:42.2.5]
	at org.postgresql.core.ConnectionFactory.openConnection(ConnectionFactory.java:49) ~[postgresql-42.2.5.jar:42.2.5]
	at org.postgresql.jdbc.PgConnection.<init>(PgConnection.java:195) ~[postgresql-42.2.5.jar:42.2.5]
	at org.postgresql.Driver.makeConnection(Driver.java:454) ~[postgresql-42.2.5.jar:42.2.5]
	at org.postgresql.Driver.connect(Driver.java:256) ~[postgresql-42.2.5.jar:42.2.5]
	at com.zaxxer.hikari.util.DriverDataSource.getConnection(DriverDataSource.java:136) ~[HikariCP-3.2.0.jar:na]
	at com.zaxxer.hikari.pool.PoolBase.newConnection(PoolBase.java:369) ~[HikariCP-3.2.0.jar:na]
	at com.zaxxer.hikari.pool.PoolBase.newPoolEntry(PoolBase.java:198) ~[HikariCP-3.2.0.jar:na]
	at com.zaxxer.hikari.pool.HikariPool.createPoolEntry(HikariPool.java:467) [HikariCP-3.2.0.jar:na]
	at com.zaxxer.hikari.pool.HikariPool.checkFailFast(HikariPool.java:541) [HikariCP-3.2.0.jar:na]
	at com.zaxxer.hikari.pool.HikariPool.<init>(HikariPool.java:115) [HikariCP-3.2.0.jar:na]
	at com.zaxxer.hikari.HikariDataSource.getConnection(HikariDataSource.java:112) [HikariCP-3.2.0.jar:na]
	at org.hibernate.engine.jdbc.connections.internal.DatasourceConnectionProviderImpl.getConnection(DatasourceConnectionProviderImpl.java:122) [hibernate-core-5.3.7.Final.jar:5.3.7.Final]
	at org.hibernate.engine.jdbc.env.internal.JdbcEnvironmentInitiator$ConnectionProviderJdbcConnectionAccess.obtainConnection(JdbcEnvironmentInitiator.java:180) [hibernate-core-5.3.7.Final.jar:5.3.7.Final]
	at org.hibernate.resource.transaction.backend.jdbc.internal.DdlTransactionIsolatorNonJtaImpl.getIsolatedConnection(DdlTransactionIsolatorNonJtaImpl.java:43) [hibernate-core-5.3.7.Final.jar:5.3.7.Final]
	at org.hibernate.tool.schema.internal.exec.GenerationTargetToDatabase.jdbcStatement(GenerationTargetToDatabase.java:77) [hibernate-core-5.3.7.Final.jar:5.3.7.Final]
	at org.hibernate.tool.schema.internal.exec.GenerationTargetToDatabase.accept(GenerationTargetToDatabase.java:53) [hibernate-core-5.3.7.Final.jar:5.3.7.Final]
	at org.hibernate.tool.schema.internal.SchemaDropperImpl.applySqlString(SchemaDropperImpl.java:375) [hibernate-core-5.3.7.Final.jar:5.3.7.Final]
	at org.hibernate.tool.schema.internal.SchemaDropperImpl.applySqlStrings(SchemaDropperImpl.java:359) [hibernate-core-5.3.7.Final.jar:5.3.7.Final]
	at org.hibernate.tool.schema.internal.SchemaDropperImpl.dropFromMetadata(SchemaDropperImpl.java:241) [hibernate-core-5.3.7.Final.jar:5.3.7.Final]
	at org.hibernate.tool.schema.internal.SchemaDropperImpl.performDrop(SchemaDropperImpl.java:154) [hibernate-core-5.3.7.Final.jar:5.3.7.Final]
	at org.hibernate.tool.schema.internal.SchemaDropperImpl.doDrop(SchemaDropperImpl.java:126) [hibernate-core-5.3.7.Final.jar:5.3.7.Final]
	at org.hibernate.tool.schema.internal.SchemaDropperImpl.doDrop(SchemaDropperImpl.java:112) [hibernate-core-5.3.7.Final.jar:5.3.7.Final]
	at org.hibernate.tool.schema.spi.SchemaManagementToolCoordinator.performDatabaseAction(SchemaManagementToolCoordinator.java:144) [hibernate-core-5.3.7.Final.jar:5.3.7.Final]
	at org.hibernate.tool.schema.spi.SchemaManagementToolCoordinator.process(SchemaManagementToolCoordinator.java:72) [hibernate-core-5.3.7.Final.jar:5.3.7.Final]
	at org.hibernate.internal.SessionFactoryImpl.<init>(SessionFactoryImpl.java:310) [hibernate-core-5.3.7.Final.jar:5.3.7.Final]
	at org.hibernate.boot.internal.SessionFactoryBuilderImpl.build(SessionFactoryBuilderImpl.java:467) [hibernate-core-5.3.7.Final.jar:5.3.7.Final]
	at org.hibernate.jpa.boot.internal.EntityManagerFactoryBuilderImpl.build(EntityManagerFactoryBuilderImpl.java:939) [hibernate-core-5.3.7.Final.jar:5.3.7.Final]
	at org.springframework.orm.jpa.vendor.SpringHibernateJpaPersistenceProvider.createContainerEntityManagerFactory(SpringHibernateJpaPersistenceProvider.java:57) [spring-orm-5.1.5.RELEASE.jar:5.1.5.RELEASE]
	at org.springframework.orm.jpa.LocalContainerEntityManagerFactoryBean.createNativeEntityManagerFactory(LocalContainerEntityManagerFactoryBean.java:365) [spring-orm-5.1.5.RELEASE.jar:5.1.5.RELEASE]
	at org.springframework.orm.jpa.AbstractEntityManagerFactoryBean.buildNativeEntityManagerFactory(AbstractEntityManagerFactoryBean.java:390) [spring-orm-5.1.5.RELEASE.jar:5.1.5.RELEASE]
	at org.springframework.orm.jpa.AbstractEntityManagerFactoryBean.afterPropertiesSet(AbstractEntityManagerFactoryBean.java:377) [spring-orm-5.1.5.RELEASE.jar:5.1.5.RELEASE]
	at org.springframework.orm.jpa.LocalContainerEntityManagerFactoryBean.afterPropertiesSet(LocalContainerEntityManagerFactoryBean.java:341) [spring-orm-5.1.5.RELEASE.jar:5.1.5.RELEASE]
	at org.springframework.beans.factory.support.AbstractAutowireCapableBeanFactory.invokeInitMethods(AbstractAutowireCapableBeanFactory.java:1821) [spring-beans-5.1.5.RELEASE.jar:5.1.5.RELEASE]
	at org.springframework.beans.factory.support.AbstractAutowireCapableBeanFactory.initializeBean(AbstractAutowireCapableBeanFactory.java:1758) [spring-beans-5.1.5.RELEASE.jar:5.1.5.RELEASE]
	at org.springframework.beans.factory.support.AbstractAutowireCapableBeanFactory.doCreateBean(AbstractAutowireCapableBeanFactory.java:593) [spring-beans-5.1.5.RELEASE.jar:5.1.5.RELEASE]
	at org.springframework.beans.factory.support.AbstractAutowireCapableBeanFactory.createBean(AbstractAutowireCapableBeanFactory.java:515) [spring-beans-5.1.5.RELEASE.jar:5.1.5.RELEASE]
	at org.springframework.beans.factory.support.AbstractBeanFactory.lambda$doGetBean$0(AbstractBeanFactory.java:320) [spring-beans-5.1.5.RELEASE.jar:5.1.5.RELEASE]
	at org.springframework.beans.factory.support.DefaultSingletonBeanRegistry.getSingleton(DefaultSingletonBeanRegistry.java:222) ~[spring-beans-5.1.5.RELEASE.jar:5.1.5.RELEASE]
	at org.springframework.beans.factory.support.AbstractBeanFactory.doGetBean(AbstractBeanFactory.java:318) [spring-beans-5.1.5.RELEASE.jar:5.1.5.RELEASE]
	at org.springframework.beans.factory.support.AbstractBeanFactory.getBean(AbstractBeanFactory.java:199) [spring-beans-5.1.5.RELEASE.jar:5.1.5.RELEASE]
	at org.springframework.context.support.AbstractApplicationContext.getBean(AbstractApplicationContext.java:1105) ~[spring-context-5.1.5.RELEASE.jar:5.1.5.RELEASE]
	at org.springframework.context.support.AbstractApplicationContext.finishBeanFactoryInitialization(AbstractApplicationContext.java:867) ~[spring-context-5.1.5.RELEASE.jar:5.1.5.RELEASE]
	at org.springframework.context.support.AbstractApplicationContext.refresh(AbstractApplicationContext.java:549) ~[spring-context-5.1.5.RELEASE.jar:5.1.5.RELEASE]
	at org.springframework.boot.SpringApplication.refresh(SpringApplication.java:775) ~[spring-boot-2.1.3.RELEASE.jar:2.1.3.RELEASE]
	at org.springframework.boot.SpringApplication.refreshContext(SpringApplication.java:397) ~[spring-boot-2.1.3.RELEASE.jar:2.1.3.RELEASE]
	at org.springframework.boot.SpringApplication.run(SpringApplication.java:316) ~[spring-boot-2.1.3.RELEASE.jar:2.1.3.RELEASE]
	at org.springframework.boot.builder.SpringApplicationBuilder.run(SpringApplicationBuilder.java:139) ~[spring-boot-2.1.3.RELEASE.jar:2.1.3.RELEASE]
	at com.bytecode.javafx.spring.integration.SpringJavaFXIntegration.SpringJavaFxIntegrationApplication.init(SpringJavaFxIntegrationApplication.java:24) ~[classes/:na]
	at com.sun.javafx.application.LauncherImpl.launchApplication1(LauncherImpl.java:841) ~[jfxrt.jar:na]
	at com.sun.javafx.application.LauncherImpl.lambda$launchApplication$1(LauncherImpl.java:182) ~[jfxrt.jar:na]
	at java.lang.Thread.run(Thread.java:748) ~[na:1.8.0_251]
Caused by: java.net.UnknownHostException: ateneadev.asuncion.gov.py
	at java.net.AbstractPlainSocketImpl.connect(AbstractPlainSocketImpl.java:184) ~[na:1.8.0_251]
	at java.net.SocksSocketImpl.connect(SocksSocketImpl.java:392) ~[na:1.8.0_251]
	at java.net.Socket.connect(Socket.java:606) ~[na:1.8.0_251]
	at org.postgresql.core.PGStream.<init>(PGStream.java:70) ~[postgresql-42.2.5.jar:42.2.5]
	at org.postgresql.core.v3.ConnectionFactoryImpl.tryConnect(ConnectionFactoryImpl.java:91) ~[postgresql-42.2.5.jar:42.2.5]
	at org.postgresql.core.v3.ConnectionFactoryImpl.openConnectionImpl(ConnectionFactoryImpl.java:192) ~[postgresql-42.2.5.jar:42.2.5]
	... 51 common frames omitted

2020-06-13 13:14:19.107  WARN 7274 --- [JavaFX-Launcher] o.h.engine.jdbc.spi.SqlExceptionHelper   : SQL Error: 0, SQLState: 08001
2020-06-13 13:14:19.107 ERROR 7274 --- [JavaFX-Launcher] o.h.engine.jdbc.spi.SqlExceptionHelper   : El intento de conexión falló.
2020-06-13 13:14:19.115  WARN 7274 --- [JavaFX-Launcher] s.c.a.AnnotationConfigApplicationContext : Exception encountered during context initialization - cancelling refresh attempt: org.springframework.beans.factory.BeanCreationException: Error creating bean with name 'entityManagerFactory' defined in class path resource [org/springframework/boot/autoconfigure/orm/jpa/HibernateJpaConfiguration.class]: Invocation of init method failed; nested exception is javax.persistence.PersistenceException: [PersistenceUnit: default] Unable to build Hibernate SessionFactory; nested exception is org.hibernate.exception.JDBCConnectionException: Unable to open JDBC Connection for DDL execution
2020-06-13 13:14:19.125  INFO 7274 --- [JavaFX-Launcher] ConditionEvaluationReportLoggingListener : 

Error starting ApplicationContext. To display the conditions report re-run your application with 'debug' enabled.
2020-06-13 13:14:19.128 ERROR 7274 --- [JavaFX-Launcher] o.s.boot.SpringApplication               : Application run failed

org.springframework.beans.factory.BeanCreationException: Error creating bean with name 'entityManagerFactory' defined in class path resource [org/springframework/boot/autoconfigure/orm/jpa/HibernateJpaConfiguration.class]: Invocation of init method failed; nested exception is javax.persistence.PersistenceException: [PersistenceUnit: default] Unable to build Hibernate SessionFactory; nested exception is org.hibernate.exception.JDBCConnectionException: Unable to open JDBC Connection for DDL execution
	at org.springframework.beans.factory.support.AbstractAutowireCapableBeanFactory.initializeBean(AbstractAutowireCapableBeanFactory.java:1762) ~[spring-beans-5.1.5.RELEASE.jar:5.1.5.RELEASE]
	at org.springframework.beans.factory.support.AbstractAutowireCapableBeanFactory.doCreateBean(AbstractAutowireCapableBeanFactory.java:593) ~[spring-beans-5.1.5.RELEASE.jar:5.1.5.RELEASE]
	at org.springframework.beans.factory.support.AbstractAutowireCapableBeanFactory.createBean(AbstractAutowireCapableBeanFactory.java:515) ~[spring-beans-5.1.5.RELEASE.jar:5.1.5.RELEASE]
	at org.springframework.beans.factory.support.AbstractBeanFactory.lambda$doGetBean$0(AbstractBeanFactory.java:320) ~[spring-beans-5.1.5.RELEASE.jar:5.1.5.RELEASE]
	at org.springframework.beans.factory.support.DefaultSingletonBeanRegistry.getSingleton(DefaultSingletonBeanRegistry.java:222) ~[spring-beans-5.1.5.RELEASE.jar:5.1.5.RELEASE]
	at org.springframework.beans.factory.support.AbstractBeanFactory.doGetBean(AbstractBeanFactory.java:318) ~[spring-beans-5.1.5.RELEASE.jar:5.1.5.RELEASE]
	at org.springframework.beans.factory.support.AbstractBeanFactory.getBean(AbstractBeanFactory.java:199) ~[spring-beans-5.1.5.RELEASE.jar:5.1.5.RELEASE]
	at org.springframework.context.support.AbstractApplicationContext.getBean(AbstractApplicationContext.java:1105) ~[spring-context-5.1.5.RELEASE.jar:5.1.5.RELEASE]
	at org.springframework.context.support.AbstractApplicationContext.finishBeanFactoryInitialization(AbstractApplicationContext.java:867) ~[spring-context-5.1.5.RELEASE.jar:5.1.5.RELEASE]
	at org.springframework.context.support.AbstractApplicationContext.refresh(AbstractApplicationContext.java:549) ~[spring-context-5.1.5.RELEASE.jar:5.1.5.RELEASE]
	at org.springframework.boot.SpringApplication.refresh(SpringApplication.java:775) ~[spring-boot-2.1.3.RELEASE.jar:2.1.3.RELEASE]
	at org.springframework.boot.SpringApplication.refreshContext(SpringApplication.java:397) ~[spring-boot-2.1.3.RELEASE.jar:2.1.3.RELEASE]
	at org.springframework.boot.SpringApplication.run(SpringApplication.java:316) ~[spring-boot-2.1.3.RELEASE.jar:2.1.3.RELEASE]
	at org.springframework.boot.builder.SpringApplicationBuilder.run(SpringApplicationBuilder.java:139) [spring-boot-2.1.3.RELEASE.jar:2.1.3.RELEASE]
	at com.bytecode.javafx.spring.integration.SpringJavaFXIntegration.SpringJavaFxIntegrationApplication.init(SpringJavaFxIntegrationApplication.java:24) [classes/:na]
	at com.sun.javafx.application.LauncherImpl.launchApplication1(LauncherImpl.java:841) [jfxrt.jar:na]
	at com.sun.javafx.application.LauncherImpl.lambda$launchApplication$1(LauncherImpl.java:182) [jfxrt.jar:na]
	at java.lang.Thread.run(Thread.java:748) ~[na:1.8.0_251]
Caused by: javax.persistence.PersistenceException: [PersistenceUnit: default] Unable to build Hibernate SessionFactory; nested exception is org.hibernate.exception.JDBCConnectionException: Unable to open JDBC Connection for DDL execution
	at org.springframework.orm.jpa.AbstractEntityManagerFactoryBean.buildNativeEntityManagerFactory(AbstractEntityManagerFactoryBean.java:402) ~[spring-orm-5.1.5.RELEASE.jar:5.1.5.RELEASE]
	at org.springframework.orm.jpa.AbstractEntityManagerFactoryBean.afterPropertiesSet(AbstractEntityManagerFactoryBean.java:377) ~[spring-orm-5.1.5.RELEASE.jar:5.1.5.RELEASE]
	at org.springframework.orm.jpa.LocalContainerEntityManagerFactoryBean.afterPropertiesSet(LocalContainerEntityManagerFactoryBean.java:341) ~[spring-orm-5.1.5.RELEASE.jar:5.1.5.RELEASE]
	at org.springframework.beans.factory.support.AbstractAutowireCapableBeanFactory.invokeInitMethods(AbstractAutowireCapableBeanFactory.java:1821) ~[spring-beans-5.1.5.RELEASE.jar:5.1.5.RELEASE]
	at org.springframework.beans.factory.support.AbstractAutowireCapableBeanFactory.initializeBean(AbstractAutowireCapableBeanFactory.java:1758) ~[spring-beans-5.1.5.RELEASE.jar:5.1.5.RELEASE]
	... 17 common frames omitted
Caused by: org.hibernate.exception.JDBCConnectionException: Unable to open JDBC Connection for DDL execution
	at org.hibernate.exception.internal.SQLStateConversionDelegate.convert(SQLStateConversionDelegate.java:115) ~[hibernate-core-5.3.7.Final.jar:5.3.7.Final]
	at org.hibernate.exception.internal.StandardSQLExceptionConverter.convert(StandardSQLExceptionConverter.java:42) ~[hibernate-core-5.3.7.Final.jar:5.3.7.Final]
	at org.hibernate.engine.jdbc.spi.SqlExceptionHelper.convert(SqlExceptionHelper.java:113) ~[hibernate-core-5.3.7.Final.jar:5.3.7.Final]
	at org.hibernate.engine.jdbc.spi.SqlExceptionHelper.convert(SqlExceptionHelper.java:99) ~[hibernate-core-5.3.7.Final.jar:5.3.7.Final]
	at org.hibernate.resource.transaction.backend.jdbc.internal.DdlTransactionIsolatorNonJtaImpl.getIsolatedConnection(DdlTransactionIsolatorNonJtaImpl.java:69) ~[hibernate-core-5.3.7.Final.jar:5.3.7.Final]
	at org.hibernate.tool.schema.internal.exec.GenerationTargetToDatabase.jdbcStatement(GenerationTargetToDatabase.java:77) ~[hibernate-core-5.3.7.Final.jar:5.3.7.Final]
	at org.hibernate.tool.schema.internal.exec.GenerationTargetToDatabase.accept(GenerationTargetToDatabase.java:53) ~[hibernate-core-5.3.7.Final.jar:5.3.7.Final]
	at org.hibernate.tool.schema.internal.SchemaDropperImpl.applySqlString(SchemaDropperImpl.java:375) ~[hibernate-core-5.3.7.Final.jar:5.3.7.Final]
	at org.hibernate.tool.schema.internal.SchemaDropperImpl.applySqlStrings(SchemaDropperImpl.java:359) ~[hibernate-core-5.3.7.Final.jar:5.3.7.Final]
	at org.hibernate.tool.schema.internal.SchemaDropperImpl.dropFromMetadata(SchemaDropperImpl.java:241) ~[hibernate-core-5.3.7.Final.jar:5.3.7.Final]
	at org.hibernate.tool.schema.internal.SchemaDropperImpl.performDrop(SchemaDropperImpl.java:154) ~[hibernate-core-5.3.7.Final.jar:5.3.7.Final]
	at org.hibernate.tool.schema.internal.SchemaDropperImpl.doDrop(SchemaDropperImpl.java:126) ~[hibernate-core-5.3.7.Final.jar:5.3.7.Final]
	at org.hibernate.tool.schema.internal.SchemaDropperImpl.doDrop(SchemaDropperImpl.java:112) ~[hibernate-core-5.3.7.Final.jar:5.3.7.Final]
	at org.hibernate.tool.schema.spi.SchemaManagementToolCoordinator.performDatabaseAction(SchemaManagementToolCoordinator.java:144) ~[hibernate-core-5.3.7.Final.jar:5.3.7.Final]
	at org.hibernate.tool.schema.spi.SchemaManagementToolCoordinator.process(SchemaManagementToolCoordinator.java:72) ~[hibernate-core-5.3.7.Final.jar:5.3.7.Final]
	at org.hibernate.internal.SessionFactoryImpl.<init>(SessionFactoryImpl.java:310) ~[hibernate-core-5.3.7.Final.jar:5.3.7.Final]
	at org.hibernate.boot.internal.SessionFactoryBuilderImpl.build(SessionFactoryBuilderImpl.java:467) ~[hibernate-core-5.3.7.Final.jar:5.3.7.Final]
	at org.hibernate.jpa.boot.internal.EntityManagerFactoryBuilderImpl.build(EntityManagerFactoryBuilderImpl.java:939) ~[hibernate-core-5.3.7.Final.jar:5.3.7.Final]
	at org.springframework.orm.jpa.vendor.SpringHibernateJpaPersistenceProvider.createContainerEntityManagerFactory(SpringHibernateJpaPersistenceProvider.java:57) ~[spring-orm-5.1.5.RELEASE.jar:5.1.5.RELEASE]
	at org.springframework.orm.jpa.LocalContainerEntityManagerFactoryBean.createNativeEntityManagerFactory(LocalContainerEntityManagerFactoryBean.java:365) ~[spring-orm-5.1.5.RELEASE.jar:5.1.5.RELEASE]
	at org.springframework.orm.jpa.AbstractEntityManagerFactoryBean.buildNativeEntityManagerFactory(AbstractEntityManagerFactoryBean.java:390) ~[spring-orm-5.1.5.RELEASE.jar:5.1.5.RELEASE]
	... 21 common frames omitted
Caused by: org.postgresql.util.PSQLException: El intento de conexión falló.
	at org.postgresql.core.v3.ConnectionFactoryImpl.openConnectionImpl(ConnectionFactoryImpl.java:292) ~[postgresql-42.2.5.jar:42.2.5]
	at org.postgresql.core.ConnectionFactory.openConnection(ConnectionFactory.java:49) ~[postgresql-42.2.5.jar:42.2.5]
	at org.postgresql.jdbc.PgConnection.<init>(PgConnection.java:195) ~[postgresql-42.2.5.jar:42.2.5]
	at org.postgresql.Driver.makeConnection(Driver.java:454) ~[postgresql-42.2.5.jar:42.2.5]
	at org.postgresql.Driver.connect(Driver.java:256) ~[postgresql-42.2.5.jar:42.2.5]
	at com.zaxxer.hikari.util.DriverDataSource.getConnection(DriverDataSource.java:136) ~[HikariCP-3.2.0.jar:na]
	at com.zaxxer.hikari.pool.PoolBase.newConnection(PoolBase.java:369) ~[HikariCP-3.2.0.jar:na]
	at com.zaxxer.hikari.pool.PoolBase.newPoolEntry(PoolBase.java:198) ~[HikariCP-3.2.0.jar:na]
	at com.zaxxer.hikari.pool.HikariPool.createPoolEntry(HikariPool.java:467) ~[HikariCP-3.2.0.jar:na]
	at com.zaxxer.hikari.pool.HikariPool.checkFailFast(HikariPool.java:541) ~[HikariCP-3.2.0.jar:na]
	at com.zaxxer.hikari.pool.HikariPool.<init>(HikariPool.java:115) ~[HikariCP-3.2.0.jar:na]
	at com.zaxxer.hikari.HikariDataSource.getConnection(HikariDataSource.java:112) ~[HikariCP-3.2.0.jar:na]
	at org.hibernate.engine.jdbc.connections.internal.DatasourceConnectionProviderImpl.getConnection(DatasourceConnectionProviderImpl.java:122) ~[hibernate-core-5.3.7.Final.jar:5.3.7.Final]
	at org.hibernate.engine.jdbc.env.internal.JdbcEnvironmentInitiator$ConnectionProviderJdbcConnectionAccess.obtainConnection(JdbcEnvironmentInitiator.java:180) ~[hibernate-core-5.3.7.Final.jar:5.3.7.Final]
	at org.hibernate.resource.transaction.backend.jdbc.internal.DdlTransactionIsolatorNonJtaImpl.getIsolatedConnection(DdlTransactionIsolatorNonJtaImpl.java:43) ~[hibernate-core-5.3.7.Final.jar:5.3.7.Final]
	... 37 common frames omitted
Caused by: java.net.UnknownHostException: ateneadev.asuncion.gov.py
	at java.net.AbstractPlainSocketImpl.connect(AbstractPlainSocketImpl.java:184) ~[na:1.8.0_251]
	at java.net.SocksSocketImpl.connect(SocksSocketImpl.java:392) ~[na:1.8.0_251]
	at java.net.Socket.connect(Socket.java:606) ~[na:1.8.0_251]
	at org.postgresql.core.PGStream.<init>(PGStream.java:70) ~[postgresql-42.2.5.jar:42.2.5]
	at org.postgresql.core.v3.ConnectionFactoryImpl.tryConnect(ConnectionFactoryImpl.java:91) ~[postgresql-42.2.5.jar:42.2.5]
	at org.postgresql.core.v3.ConnectionFactoryImpl.openConnectionImpl(ConnectionFactoryImpl.java:192) ~[postgresql-42.2.5.jar:42.2.5]
	... 51 common frames omitted

2020-06-13 13:14:36.146  INFO 7390 --- [JavaFX-Launcher] o.s.boot.SpringApplication               : Starting application on brandilove with PID 7390 (started by vinsfran in /home/vinsfran/Projects/JavaFX/Spring-Boot-JavaFX-Integracion)
2020-06-13 13:14:36.153  INFO 7390 --- [JavaFX-Launcher] o.s.boot.SpringApplication               : No active profile set, falling back to default profiles: default
2020-06-13 13:14:37.373  INFO 7390 --- [JavaFX-Launcher] .s.d.r.c.RepositoryConfigurationDelegate : Bootstrapping Spring Data repositories in DEFAULT mode.
2020-06-13 13:14:37.637  INFO 7390 --- [JavaFX-Launcher] .s.d.r.c.RepositoryConfigurationDelegate : Finished Spring Data repository scanning in 247ms. Found 2 repository interfaces.
2020-06-13 13:14:38.770  INFO 7390 --- [JavaFX-Launcher] com.zaxxer.hikari.HikariDataSource       : HikariPool-1 - Starting...
2020-06-13 13:14:39.277  INFO 7390 --- [JavaFX-Launcher] com.zaxxer.hikari.HikariDataSource       : HikariPool-1 - Start completed.
2020-06-13 13:14:39.367  INFO 7390 --- [JavaFX-Launcher] o.hibernate.jpa.internal.util.LogHelper  : HHH000204: Processing PersistenceUnitInfo [
	name: default
	...]
2020-06-13 13:14:39.476  INFO 7390 --- [JavaFX-Launcher] org.hibernate.Version                    : HHH000412: Hibernate Core {5.3.7.Final}
2020-06-13 13:14:39.479  INFO 7390 --- [JavaFX-Launcher] org.hibernate.cfg.Environment            : HHH000206: hibernate.properties not found
2020-06-13 13:14:39.720  INFO 7390 --- [JavaFX-Launcher] o.hibernate.annotations.common.Version   : HCANN000001: Hibernate Commons Annotations {5.0.4.Final}
2020-06-13 13:14:39.992  INFO 7390 --- [JavaFX-Launcher] org.hibernate.dialect.Dialect            : HHH000400: Using dialect: org.hibernate.dialect.PostgreSQL95Dialect
2020-06-13 13:14:42.708  INFO 7390 --- [JavaFX-Launcher] o.h.e.j.e.i.LobCreatorBuilderImpl        : HHH000421: Disabling contextual LOB creation as hibernate.jdbc.lob.non_contextual_creation is true
2020-06-13 13:14:42.718  INFO 7390 --- [JavaFX-Launcher] org.hibernate.type.BasicTypeRegistry     : HHH000270: Type registration [java.util.UUID] overrides previous : org.hibernate.type.UUIDBinaryType@ca914b9
2020-06-13 13:14:42.935  WARN 7390 --- [JavaFX-Launcher] org.hibernate.id.UUIDHexGenerator        : HHH000409: Using org.hibernate.id.UUIDHexGenerator which does not generate IETF RFC 4122 compliant UUID values; consider using org.hibernate.id.UUIDGenerator instead
2020-06-13 13:14:43.453  WARN 7390 --- [JavaFX-Launcher] o.h.engine.jdbc.spi.SqlExceptionHelper   : SQL Warning Code: 0, SQLState: 00000
2020-06-13 13:14:43.453  WARN 7390 --- [JavaFX-Launcher] o.h.engine.jdbc.spi.SqlExceptionHelper   : la tabla «cliente» no existe, ignorando
2020-06-13 13:14:43.459  WARN 7390 --- [JavaFX-Launcher] o.h.engine.jdbc.spi.SqlExceptionHelper   : SQL Warning Code: 0, SQLState: 00000
2020-06-13 13:14:43.460  WARN 7390 --- [JavaFX-Launcher] o.h.engine.jdbc.spi.SqlExceptionHelper   : la tabla «persona» no existe, ignorando
2020-06-13 13:14:43.505  INFO 7390 --- [JavaFX-Launcher] o.h.t.schema.internal.SchemaCreatorImpl  : HHH000476: Executing import script 'org.hibernate.tool.schema.internal.exec.ScriptSourceInputNonExistentImpl@26b46e9a'
2020-06-13 13:14:43.511  INFO 7390 --- [JavaFX-Launcher] j.LocalContainerEntityManagerFactoryBean : Initialized JPA EntityManagerFactory for persistence unit 'default'
2020-06-13 13:14:44.462  INFO 7390 --- [JavaFX-Launcher] o.s.boot.SpringApplication               : Started application in 9.111 seconds (JVM running for 10.177)
2020-06-13 13:14:50.136  INFO 7390 --- [JavaFX Application Thread] c.b.j.s.i.S.s.i.SimeacBackendServiceImpl : login: {password=asd, username=asd}
2020-06-13 13:15:02.285  INFO 7390 --- [JavaFX Application Thread] c.b.j.s.i.S.s.i.SimeacBackendServiceImpl : login: {password=dos01, username=jmaubet}
2020-06-13 13:15:02.668  INFO 7390 --- [JavaFX Application Thread] c.b.j.s.i.S.c.PersonaController          : LoginModel(username=jmaubet, identificationDocument=858171, lastname=Maubet, name=Jose, email=pepe@gmail.com, dependency=DEPENDENCIA UNO, sessionTime=600, sessionId=ZG9zMDEzMDE4ZWMwOWQ5NTI3MTNkMTlmYjdhZDU4ZjA4ODIzNWVmMmJkNWNiNmU2MDBlODk2MmQ2OTE4Y2JlNDYyYzgz, system=sirec)
2020-06-13 13:15:02.726  INFO 7390 --- [JavaFX Application Thread] o.h.h.i.QueryTranslatorFactoryInitiator  : HHH000397: Using ASTQueryTranslatorFactory
2020-06-13 13:15:07.364  INFO 7390 --- [JavaFX Application Thread] j.LocalContainerEntityManagerFactoryBean : Closing JPA EntityManagerFactory for persistence unit 'default'
2020-06-13 13:15:07.365  INFO 7390 --- [JavaFX Application Thread] .SchemaDropperImpl$DelayedDropActionImpl : HHH000477: Starting delayed evictData of schema as part of SessionFactory shut-down'
2020-06-13 13:15:07.397  INFO 7390 --- [JavaFX Application Thread] com.zaxxer.hikari.HikariDataSource       : HikariPool-1 - Shutdown initiated...
2020-06-13 13:15:07.416  INFO 7390 --- [JavaFX Application Thread] com.zaxxer.hikari.HikariDataSource       : HikariPool-1 - Shutdown completed.
